<?xml version="1.0" encoding="UTF-8"?>
<coverage generated="1655303892822" clover="3.2.0">
  <project timestamp="1655303892823" name="All files">
    <metrics statements="114" coveredstatements="107" conditionals="29" coveredconditionals="23" methods="26" coveredmethods="26" elements="169" coveredelements="156" complexity="0" loc="114" ncloc="114" packages="1" files="4" classes="4"/>
    <file name="Bordure.ts" path="/home/fofana36u/sae202/classes/Bordure.ts">
      <metrics statements="3" coveredstatements="3" conditionals="0" coveredconditionals="0" methods="4" coveredmethods="4"/>
      <line num="7" count="2" type="stmt"/>
      <line num="11" count="9" type="stmt"/>
      <line num="15" count="12" type="stmt"/>
    </file>
    <file name="GrapheListeAdjacence.ts" path="/home/fofana36u/sae202/classes/GrapheListeAdjacence.ts">
      <metrics statements="77" coveredstatements="70" conditionals="19" coveredconditionals="14" methods="14" coveredmethods="14"/>
      <line num="8" count="1" type="stmt"/>
      <line num="12" count="1" type="stmt"/>
      <line num="13" count="1" type="stmt"/>
      <line num="14" count="1" type="stmt"/>
      <line num="18" count="1" type="stmt"/>
      <line num="19" count="7" type="stmt"/>
      <line num="22" count="1" type="stmt"/>
      <line num="24" count="1" type="stmt"/>
      <line num="28" count="1" type="stmt"/>
      <line num="29" count="28" type="stmt"/>
      <line num="30" count="77" type="stmt"/>
      <line num="32" count="7" type="stmt"/>
      <line num="33" count="55" type="stmt"/>
      <line num="34" count="11" type="stmt"/>
      <line num="40" count="1" type="stmt"/>
      <line num="45" count="1" type="stmt"/>
      <line num="50" count="1" type="stmt"/>
      <line num="53" count="1" type="stmt"/>
      <line num="54" count="7" type="stmt"/>
      <line num="55" count="7" type="stmt"/>
      <line num="58" count="1" type="stmt"/>
      <line num="62" count="2" type="stmt"/>
      <line num="63" count="2" type="stmt"/>
      <line num="64" count="14" type="stmt"/>
      <line num="66" count="2" type="stmt"/>
      <line num="70" count="9" type="stmt"/>
      <line num="74" count="2" type="stmt"/>
      <line num="76" count="2" type="stmt"/>
      <line num="77" count="14" type="stmt"/>
      <line num="78" count="20" type="stmt"/>
      <line num="80" count="14" type="cond" truecount="2" falsecount="0"/>
      <line num="81" count="3" type="stmt"/>
      <line num="85" count="2" type="stmt"/>
      <line num="89" count="1" type="stmt"/>
      <line num="98" count="1" type="stmt"/>
      <line num="99" count="1" type="stmt"/>
      <line num="103" count="1" type="stmt"/>
      <line num="104" count="1" type="stmt"/>
      <line num="106" count="1" type="stmt"/>
      <line num="107" count="7" type="stmt"/>
      <line num="108" count="11" type="stmt"/>
      <line num="112" count="1" type="stmt"/>
      <line num="113" count="11" type="stmt"/>
      <line num="114" count="11" type="stmt"/>
      <line num="118" count="1" type="stmt"/>
      <line num="119" count="1" type="stmt"/>
      <line num="120" count="1" type="stmt"/>
      <line num="129" count="1" type="stmt"/>
      <line num="130" count="1" type="stmt"/>
      <line num="131" count="1" type="stmt"/>
      <line num="133" count="1" type="stmt"/>
      <line num="136" count="7" type="stmt"/>
      <line num="137" count="7" type="stmt"/>
      <line num="141" count="7" type="stmt"/>
      <line num="143" count="7" type="cond" truecount="1" falsecount="1"/>
      <line num="145" count="0" type="stmt"/>
      <line num="146" count="0" type="stmt"/>
      <line num="147" count="0" type="cond" truecount="0" falsecount="2"/>
      <line num="148" count="0" type="stmt"/>
      <line num="149" count="0" type="stmt"/>
      <line num="153" count="0" type="cond" truecount="0" falsecount="2"/>
      <line num="154" count="0" type="stmt"/>
      <line num="160" count="7" type="stmt"/>
      <line num="161" count="11" type="stmt"/>
      <line num="162" count="11" type="cond" truecount="2" falsecount="0"/>
      <line num="163" count="8" type="stmt"/>
      <line num="164" count="8" type="stmt"/>
      <line num="168" count="8" type="cond" truecount="2" falsecount="0"/>
      <line num="169" count="6" type="stmt"/>
      <line num="179" count="1" type="stmt"/>
      <line num="180" count="1" type="stmt"/>
      <line num="182" count="1" type="stmt"/>
      <line num="183" count="7" type="cond" truecount="4" falsecount="0"/>
      <line num="184" count="7" type="cond" truecount="2" falsecount="0"/>
      <line num="189" count="1" type="stmt"/>
      <line num="190" count="1" type="stmt"/>
      <line num="191" count="1" type="stmt"/>
    </file>
    <file name="Sommet.ts" path="/home/fofana36u/sae202/classes/Sommet.ts">
      <metrics statements="20" coveredstatements="20" conditionals="8" coveredconditionals="7" methods="5" coveredmethods="5"/>
      <line num="3" count="14" type="stmt"/>
      <line num="4" count="14" type="stmt"/>
      <line num="9" count="14" type="stmt"/>
      <line num="10" count="14" type="stmt"/>
      <line num="11" count="14" type="stmt"/>
      <line num="17" count="13" type="cond" truecount="1" falsecount="1"/>
      <line num="18" count="13" type="stmt"/>
      <line num="19" count="13" type="stmt"/>
      <line num="24" count="15" type="cond" truecount="2" falsecount="0"/>
      <line num="25" count="1" type="stmt"/>
      <line num="26" count="1" type="stmt"/>
      <line num="27" count="1" type="stmt"/>
      <line num="32" count="59" type="stmt"/>
      <line num="33" count="59" type="stmt"/>
      <line num="34" count="85" type="cond" truecount="2" falsecount="0"/>
      <line num="35" count="30" type="stmt"/>
      <line num="38" count="59" type="stmt"/>
      <line num="42" count="30" type="cond" truecount="2" falsecount="0"/>
      <line num="43" count="29" type="stmt"/>
      <line num="44" count="1" type="stmt"/>
    </file>
    <file name="gestionFichier.ts" path="/home/fofana36u/sae202/classes/gestionFichier.ts">
      <metrics statements="14" coveredstatements="14" conditionals="2" coveredconditionals="2" methods="3" coveredmethods="3"/>
      <line num="5" count="4" type="stmt"/>
      <line num="6" count="4" type="stmt"/>
      <line num="9" count="3" type="stmt"/>
      <line num="14" count="2" type="stmt"/>
      <line num="19" count="2" type="stmt"/>
      <line num="20" count="2" type="stmt"/>
      <line num="21" count="2" type="stmt"/>
      <line num="22" count="14" type="cond" truecount="2" falsecount="0"/>
      <line num="24" count="2" type="stmt"/>
      <line num="25" count="2" type="stmt"/>
      <line num="26" count="2" type="stmt"/>
      <line num="29" count="12" type="stmt"/>
      <line num="30" count="12" type="stmt"/>
      <line num="34" count="2" type="stmt"/>
    </file>
  </project>
</coverage>
