<?xml version="1.0" encoding="UTF-8"?>
<coverage generated="1655395898633" clover="3.2.0">
  <project timestamp="1655395898635" name="All files">
    <metrics statements="337" coveredstatements="322" conditionals="111" coveredconditionals="93" methods="68" coveredmethods="67" elements="516" coveredelements="482" complexity="0" loc="337" ncloc="337" packages="2" files="9" classes="9"/>
    <package name="dossierListe.classes">
      <metrics statements="114" coveredstatements="107" conditionals="29" coveredconditionals="23" methods="26" coveredmethods="26"/>
      <file name="Bordure.ts" path="/home/fofana36u/sae202/src/metier/dossierListe/classes/Bordure.ts">
        <metrics statements="3" coveredstatements="3" conditionals="0" coveredconditionals="0" methods="4" coveredmethods="4"/>
        <line num="7" count="2" type="stmt"/>
        <line num="11" count="9" type="stmt"/>
        <line num="15" count="12" type="stmt"/>
      </file>
      <file name="GrapheListeAdjacence.ts" path="/home/fofana36u/sae202/src/metier/dossierListe/classes/GrapheListeAdjacence.ts">
        <metrics statements="77" coveredstatements="70" conditionals="19" coveredconditionals="14" methods="14" coveredmethods="14"/>
        <line num="8" count="1" type="stmt"/>
        <line num="12" count="1" type="stmt"/>
        <line num="13" count="1" type="stmt"/>
        <line num="14" count="1" type="stmt"/>
        <line num="18" count="1" type="stmt"/>
        <line num="19" count="7" type="stmt"/>
        <line num="22" count="1" type="stmt"/>
        <line num="24" count="1" type="stmt"/>
        <line num="28" count="1" type="stmt"/>
        <line num="29" count="28" type="stmt"/>
        <line num="30" count="77" type="stmt"/>
        <line num="32" count="7" type="stmt"/>
        <line num="33" count="55" type="stmt"/>
        <line num="34" count="11" type="stmt"/>
        <line num="40" count="1" type="stmt"/>
        <line num="45" count="1" type="stmt"/>
        <line num="50" count="1" type="stmt"/>
        <line num="53" count="1" type="stmt"/>
        <line num="54" count="7" type="stmt"/>
        <line num="55" count="7" type="stmt"/>
        <line num="58" count="1" type="stmt"/>
        <line num="62" count="2" type="stmt"/>
        <line num="63" count="2" type="stmt"/>
        <line num="64" count="14" type="stmt"/>
        <line num="66" count="2" type="stmt"/>
        <line num="70" count="9" type="stmt"/>
        <line num="74" count="2" type="stmt"/>
        <line num="76" count="2" type="stmt"/>
        <line num="77" count="14" type="stmt"/>
        <line num="78" count="20" type="stmt"/>
        <line num="80" count="14" type="cond" truecount="2" falsecount="0"/>
        <line num="81" count="3" type="stmt"/>
        <line num="85" count="2" type="stmt"/>
        <line num="89" count="1" type="stmt"/>
        <line num="98" count="1" type="stmt"/>
        <line num="99" count="1" type="stmt"/>
        <line num="103" count="1" type="stmt"/>
        <line num="104" count="1" type="stmt"/>
        <line num="106" count="1" type="stmt"/>
        <line num="107" count="7" type="stmt"/>
        <line num="108" count="11" type="stmt"/>
        <line num="112" count="1" type="stmt"/>
        <line num="113" count="11" type="stmt"/>
        <line num="114" count="11" type="stmt"/>
        <line num="118" count="1" type="stmt"/>
        <line num="119" count="1" type="stmt"/>
        <line num="120" count="1" type="stmt"/>
        <line num="129" count="1" type="stmt"/>
        <line num="130" count="1" type="stmt"/>
        <line num="131" count="1" type="stmt"/>
        <line num="133" count="1" type="stmt"/>
        <line num="136" count="7" type="stmt"/>
        <line num="137" count="7" type="stmt"/>
        <line num="141" count="7" type="stmt"/>
        <line num="143" count="7" type="cond" truecount="1" falsecount="1"/>
        <line num="145" count="0" type="stmt"/>
        <line num="146" count="0" type="stmt"/>
        <line num="147" count="0" type="cond" truecount="0" falsecount="2"/>
        <line num="148" count="0" type="stmt"/>
        <line num="149" count="0" type="stmt"/>
        <line num="153" count="0" type="cond" truecount="0" falsecount="2"/>
        <line num="154" count="0" type="stmt"/>
        <line num="160" count="7" type="stmt"/>
        <line num="161" count="11" type="stmt"/>
        <line num="162" count="11" type="cond" truecount="2" falsecount="0"/>
        <line num="163" count="8" type="stmt"/>
        <line num="164" count="8" type="stmt"/>
        <line num="168" count="8" type="cond" truecount="2" falsecount="0"/>
        <line num="169" count="6" type="stmt"/>
        <line num="179" count="1" type="stmt"/>
        <line num="180" count="1" type="stmt"/>
        <line num="182" count="1" type="stmt"/>
        <line num="183" count="7" type="cond" truecount="4" falsecount="0"/>
        <line num="184" count="7" type="cond" truecount="2" falsecount="0"/>
        <line num="189" count="1" type="stmt"/>
        <line num="190" count="1" type="stmt"/>
        <line num="191" count="1" type="stmt"/>
      </file>
      <file name="Sommet.ts" path="/home/fofana36u/sae202/src/metier/dossierListe/classes/Sommet.ts">
        <metrics statements="20" coveredstatements="20" conditionals="8" coveredconditionals="7" methods="5" coveredmethods="5"/>
        <line num="3" count="14" type="stmt"/>
        <line num="4" count="14" type="stmt"/>
        <line num="9" count="14" type="stmt"/>
        <line num="10" count="14" type="stmt"/>
        <line num="11" count="14" type="stmt"/>
        <line num="17" count="13" type="cond" truecount="1" falsecount="1"/>
        <line num="18" count="13" type="stmt"/>
        <line num="19" count="13" type="stmt"/>
        <line num="24" count="15" type="cond" truecount="2" falsecount="0"/>
        <line num="25" count="1" type="stmt"/>
        <line num="26" count="1" type="stmt"/>
        <line num="27" count="1" type="stmt"/>
        <line num="32" count="59" type="stmt"/>
        <line num="33" count="59" type="stmt"/>
        <line num="34" count="85" type="cond" truecount="2" falsecount="0"/>
        <line num="35" count="30" type="stmt"/>
        <line num="38" count="59" type="stmt"/>
        <line num="42" count="30" type="cond" truecount="2" falsecount="0"/>
        <line num="43" count="29" type="stmt"/>
        <line num="44" count="1" type="stmt"/>
      </file>
      <file name="gestionFichierListe.ts" path="/home/fofana36u/sae202/src/metier/dossierListe/classes/gestionFichierListe.ts">
        <metrics statements="14" coveredstatements="14" conditionals="2" coveredconditionals="2" methods="3" coveredmethods="3"/>
        <line num="5" count="4" type="stmt"/>
        <line num="6" count="4" type="stmt"/>
        <line num="9" count="3" type="stmt"/>
        <line num="14" count="2" type="stmt"/>
        <line num="19" count="2" type="stmt"/>
        <line num="20" count="2" type="stmt"/>
        <line num="21" count="2" type="stmt"/>
        <line num="22" count="14" type="cond" truecount="2" falsecount="0"/>
        <line num="24" count="2" type="stmt"/>
        <line num="25" count="2" type="stmt"/>
        <line num="26" count="2" type="stmt"/>
        <line num="29" count="12" type="stmt"/>
        <line num="30" count="12" type="stmt"/>
        <line num="34" count="2" type="stmt"/>
      </file>
    </package>
    <package name="dossierMatrice">
      <metrics statements="223" coveredstatements="215" conditionals="82" coveredconditionals="70" methods="42" coveredmethods="41"/>
      <file name="BellmanMatrice.ts" path="/home/fofana36u/sae202/src/metier/dossierMatrice/BellmanMatrice.ts">
        <metrics statements="47" coveredstatements="47" conditionals="20" coveredconditionals="18" methods="6" coveredmethods="6"/>
        <line num="9" count="1" type="stmt"/>
        <line num="10" count="1" type="stmt"/>
        <line num="17" count="1" type="stmt"/>
        <line num="18" count="1" type="stmt"/>
        <line num="19" count="1" type="stmt"/>
        <line num="27" count="9" type="stmt"/>
        <line num="32" count="9" type="cond" truecount="2" falsecount="0"/>
        <line num="33" count="2" type="stmt"/>
        <line num="40" count="7" type="stmt"/>
        <line num="41" count="7" type="stmt"/>
        <line num="44" count="7" type="stmt"/>
        <line num="47" count="12" type="cond" truecount="2" falsecount="0"/>
        <line num="50" count="9" type="stmt"/>
        <line num="51" count="9" type="stmt"/>
        <line num="56" count="7" type="stmt"/>
        <line num="65" count="9" type="stmt"/>
        <line num="66" count="9" type="stmt"/>
        <line num="69" count="9" type="cond" truecount="2" falsecount="0"/>
        <line num="70" count="2" type="stmt"/>
        <line num="76" count="7" type="stmt"/>
        <line num="79" count="38" type="stmt"/>
        <line num="82" count="14" type="cond" truecount="2" falsecount="0"/>
        <line num="83" count="8" type="stmt"/>
        <line num="88" count="7" type="stmt"/>
        <line num="97" count="3" type="stmt"/>
        <line num="100" count="3" type="stmt"/>
        <line num="101" count="21" type="cond" truecount="2" falsecount="0"/>
        <line num="102" count="2" type="stmt"/>
        <line num="107" count="3" type="stmt"/>
        <line num="115" count="11" type="cond" truecount="2" falsecount="0"/>
        <line num="118" count="2" type="stmt"/>
        <line num="121" count="2" type="stmt"/>
        <line num="125" count="9" type="cond" truecount="2" falsecount="0"/>
        <line num="128" count="2" type="cond" truecount="2" falsecount="0"/>
        <line num="129" count="1" type="stmt"/>
        <line num="134" count="1" type="stmt"/>
        <line num="142" count="7" type="stmt"/>
        <line num="145" count="7" type="stmt"/>
        <line num="148" count="7" type="stmt"/>
        <line num="151" count="7" type="stmt"/>
        <line num="154" count="7" type="stmt"/>
        <line num="157" count="7" type="cond" truecount="2" falsecount="0"/>
        <line num="158" count="1" type="stmt"/>
        <line num="161" count="6" type="stmt"/>
        <line num="165" count="7" type="stmt"/>
        <line num="168" count="7" type="stmt"/>
        <line num="171" count="7" type="stmt"/>
      </file>
      <file name="BordureMatrice.ts" path="/home/fofana36u/sae202/src/metier/dossierMatrice/BordureMatrice.ts">
        <metrics statements="27" coveredstatements="27" conditionals="10" coveredconditionals="10" methods="11" coveredmethods="11"/>
        <line num="12" count="10" type="stmt"/>
        <line num="13" count="10" type="stmt"/>
        <line num="23" count="2" type="stmt"/>
        <line num="25" count="2" type="stmt"/>
        <line num="28" count="3" type="stmt"/>
        <line num="33" count="7" type="stmt"/>
        <line num="34" count="7" type="stmt"/>
        <line num="40" count="1" type="stmt"/>
        <line num="41" count="7" type="cond" truecount="2" falsecount="0"/>
        <line num="42" count="6" type="stmt"/>
        <line num="45" count="1" type="stmt"/>
        <line num="53" count="10" type="cond" truecount="2" falsecount="0"/>
        <line num="54" count="2" type="stmt"/>
        <line num="58" count="8" type="stmt"/>
        <line num="67" count="7" type="stmt"/>
        <line num="68" count="7" type="stmt"/>
        <line num="71" count="7" type="stmt"/>
        <line num="74" count="147" type="cond" truecount="2" falsecount="0"/>
        <line num="77" count="28" type="cond" truecount="2" falsecount="0"/>
        <line num="80" count="10" type="stmt"/>
        <line num="81" count="10" type="stmt"/>
        <line num="87" count="16" type="stmt"/>
        <line num="90" count="7" type="stmt"/>
        <line num="98" count="9" type="stmt"/>
        <line num="101" count="23" type="stmt"/>
        <line num="106" count="8" type="stmt"/>
        <line num="107" count="8" type="stmt"/>
      </file>
      <file name="DijkstraMatrice.ts" path="/home/fofana36u/sae202/src/metier/dossierMatrice/DijkstraMatrice.ts">
        <metrics statements="30" coveredstatements="30" conditionals="16" coveredconditionals="12" methods="4" coveredmethods="4"/>
        <line num="10" count="1" type="stmt"/>
        <line num="17" count="1" type="stmt"/>
        <line num="18" count="1" type="stmt"/>
        <line num="19" count="1" type="stmt"/>
        <line num="27" count="8" type="cond" truecount="2" falsecount="0"/>
        <line num="28" count="1" type="stmt"/>
        <line num="35" count="7" type="stmt"/>
        <line num="38" count="7" type="stmt"/>
        <line num="39" count="11" type="cond" truecount="2" falsecount="0"/>
        <line num="40" count="8" type="stmt"/>
        <line num="51" count="15" type="stmt"/>
        <line num="54" count="15" type="cond" truecount="2" falsecount="0"/>
        <line num="55" count="14" type="stmt"/>
        <line num="56" count="22" type="cond" truecount="1" falsecount="1"/>
        <line num="57" count="22" type="stmt"/>
        <line num="64" count="1" type="stmt"/>
        <line num="65" count="2" type="cond" truecount="1" falsecount="1"/>
        <line num="66" count="2" type="stmt"/>
        <line num="72" count="15" type="stmt"/>
        <line num="80" count="9" type="cond" truecount="2" falsecount="0"/>
        <line num="83" count="1" type="stmt"/>
        <line num="86" count="1" type="stmt"/>
        <line num="89" count="1" type="stmt"/>
        <line num="93" count="8" type="cond" truecount="2" falsecount="0"/>
        <line num="94" count="1" type="stmt"/>
        <line num="101" count="7" type="stmt"/>
        <line num="104" count="7" type="stmt"/>
        <line num="107" count="7" type="stmt"/>
        <line num="110" count="7" type="stmt"/>
        <line num="113" count="7" type="stmt"/>
      </file>
      <file name="GestionFichierMatrice.ts" path="/home/fofana36u/sae202/src/metier/dossierMatrice/GestionFichierMatrice.ts">
        <metrics statements="43" coveredstatements="36" conditionals="16" coveredconditionals="14" methods="6" coveredmethods="5"/>
        <line num="8" count="4" type="stmt"/>
        <line num="9" count="4" type="stmt"/>
        <line num="14" count="18" type="stmt"/>
        <line num="18" count="18" type="stmt"/>
        <line num="23" count="19" type="stmt"/>
        <line num="26" count="19" type="cond" truecount="1" falsecount="1"/>
        <line num="27" count="0" type="stmt"/>
        <line num="31" count="19" type="stmt"/>
        <line num="39" count="47" type="stmt"/>
        <line num="40" count="47" type="stmt"/>
        <line num="43" count="47" type="stmt"/>
        <line num="46" count="611" type="cond" truecount="2" falsecount="0"/>
        <line num="47" count="47" type="stmt"/>
        <line num="48" count="47" type="stmt"/>
        <line num="49" count="47" type="stmt"/>
        <line num="54" count="564" type="stmt"/>
        <line num="55" count="564" type="stmt"/>
        <line num="60" count="47" type="stmt"/>
        <line num="68" count="25" type="stmt"/>
        <line num="69" count="25" type="stmt"/>
        <line num="72" count="25" type="stmt"/>
        <line num="75" count="25" type="cond" truecount="2" falsecount="0"/>
        <line num="76" count="1" type="stmt"/>
        <line num="80" count="24" type="cond" truecount="2" falsecount="0"/>
        <line num="81" count="2" type="stmt"/>
        <line num="85" count="22" type="stmt"/>
        <line num="86" count="242" type="cond" truecount="1" falsecount="1"/>
        <line num="87" count="0" type="stmt"/>
        <line num="90" count="242" type="cond" truecount="2" falsecount="0"/>
        <line num="91" count="110" type="stmt"/>
        <line num="94" count="22" type="stmt"/>
        <line num="97" count="22" type="cond" truecount="2" falsecount="0"/>
        <line num="98" count="1" type="stmt"/>
        <line num="102" count="21" type="cond" truecount="2" falsecount="0"/>
        <line num="103" count="1" type="stmt"/>
        <line num="107" count="20" type="stmt"/>
        <line num="111" count="5" type="stmt"/>
        <line num="112" count="5" type="stmt"/>
        <line num="121" count="0" type="stmt"/>
        <line num="124" count="0" type="stmt"/>
        <line num="127" count="0" type="stmt"/>
        <line num="128" count="0" type="stmt"/>
        <line num="130" count="0" type="stmt"/>
      </file>
      <file name="MatriceAdjacence.ts" path="/home/fofana36u/sae202/src/metier/dossierMatrice/MatriceAdjacence.ts">
        <metrics statements="76" coveredstatements="75" conditionals="20" coveredconditionals="16" methods="15" coveredmethods="15"/>
        <line num="8" count="3" type="stmt"/>
        <line num="9" count="3" type="stmt"/>
        <line num="10" count="3" type="stmt"/>
        <line num="15" count="3" type="stmt"/>
        <line num="16" count="3" type="stmt"/>
        <line num="24" count="16" type="stmt"/>
        <line num="27" count="16" type="stmt"/>
        <line num="28" count="16" type="stmt"/>
        <line num="31" count="16" type="stmt"/>
        <line num="32" count="16" type="stmt"/>
        <line num="33" count="112" type="stmt"/>
        <line num="34" count="112" type="stmt"/>
        <line num="35" count="112" type="stmt"/>
        <line num="42" count="16" type="stmt"/>
        <line num="43" count="176" type="stmt"/>
        <line num="46" count="176" type="cond" truecount="1" falsecount="1"/>
        <line num="47" count="176" type="stmt"/>
        <line num="57" count="2" type="stmt"/>
        <line num="60" count="2" type="stmt"/>
        <line num="61" count="14" type="stmt"/>
        <line num="65" count="2" type="stmt"/>
        <line num="66" count="2" type="stmt"/>
        <line num="67" count="2" type="stmt"/>
        <line num="75" count="2" type="stmt"/>
        <line num="78" count="2" type="stmt"/>
        <line num="79" count="12" type="stmt"/>
        <line num="83" count="2" type="stmt"/>
        <line num="89" count="5" type="stmt"/>
        <line num="95" count="3" type="stmt"/>
        <line num="100" count="5" type="stmt"/>
        <line num="108" count="3" type="cond" truecount="2" falsecount="0"/>
        <line num="111" count="2" type="stmt"/>
        <line num="112" count="2" type="stmt"/>
        <line num="119" count="1" type="stmt"/>
        <line num="128" count="1" type="cond" truecount="1" falsecount="1"/>
        <line num="131" count="1" type="stmt"/>
        <line num="132" count="1" type="stmt"/>
        <line num="141" count="1123" type="cond" truecount="2" falsecount="0"/>
        <line num="142" count="298" type="stmt"/>
        <line num="146" count="825" type="stmt"/>
        <line num="155" count="79" type="cond" truecount="2" falsecount="0"/>
        <line num="156" count="78" type="stmt"/>
        <line num="160" count="1" type="stmt"/>
        <line num="169" count="29" type="stmt"/>
        <line num="170" count="29" type="stmt"/>
        <line num="173" count="29" type="stmt"/>
        <line num="174" count="203" type="cond" truecount="2" falsecount="0"/>
        <line num="175" count="43" type="stmt"/>
        <line num="180" count="29" type="stmt"/>
        <line num="188" count="87" type="stmt"/>
        <line num="189" count="87" type="stmt"/>
        <line num="192" count="87" type="stmt"/>
        <line num="193" count="609" type="cond" truecount="2" falsecount="0"/>
        <line num="194" count="163" type="stmt"/>
        <line num="199" count="87" type="stmt"/>
        <line num="207" count="3" type="stmt"/>
        <line num="208" count="3" type="stmt"/>
        <line num="209" count="3" type="stmt"/>
        <line num="214" count="3" type="stmt"/>
        <line num="217" count="4" type="stmt"/>
        <line num="218" count="4" type="stmt"/>
        <line num="219" count="4" type="cond" truecount="1" falsecount="1"/>
        <line num="220" count="0" type="stmt"/>
        <line num="225" count="4" type="cond" truecount="1" falsecount="1"/>
        <line num="226" count="4" type="stmt"/>
        <line num="231" count="3" type="stmt"/>
        <line num="240" count="1" type="stmt"/>
        <line num="245" count="1" type="stmt"/>
        <line num="248" count="1" type="stmt"/>
        <line num="251" count="1" type="stmt"/>
        <line num="254" count="1" type="stmt"/>
        <line num="255" count="7" type="stmt"/>
        <line num="258" count="49" type="cond" truecount="2" falsecount="0"/>
        <line num="259" count="11" type="stmt"/>
        <line num="264" count="1" type="stmt"/>
        <line num="267" count="1" type="stmt"/>
      </file>
    </package>
  </project>
</coverage>
