{"/home/fofana36u/sae202/src/metier/dossierListe/classes/Bordure.ts": {"path":"/home/fofana36u/sae202/src/metier/dossierListe/classes/Bordure.ts","statementMap":{"0":{"start":{"line":7,"column":4},"end":{"line":7,"column":22}},"1":{"start":{"line":11,"column":4},"end":{"line":11,"column":37}},"2":{"start":{"line":15,"column":4},"end":{"line":15,"column":59}},"3":{"start":{"line":15,"column":32},"end":{"line":15,"column":57}}},"fnMap":{"0":{"name":"(anonymous_0)","decl":{"start":{"line":6,"column":2},"end":{"line":6,"column":3}},"loc":{"start":{"line":6,"column":16},"end":{"line":8,"column":3}},"line":6},"1":{"name":"(anonymous_1)","decl":{"start":{"line":10,"column":2},"end":{"line":10,"column":3}},"loc":{"start":{"line":10,"column":21},"end":{"line":12,"column":3}},"line":10},"2":{"name":"(anonymous_2)","decl":{"start":{"line":14,"column":2},"end":{"line":14,"column":3}},"loc":{"start":{"line":14,"column":17},"end":{"line":16,"column":3}},"line":14},"3":{"name":"(anonymous_3)","decl":{"start":{"line":15,"column":22},"end":{"line":15,"column":23}},"loc":{"start":{"line":15,"column":32},"end":{"line":15,"column":57}},"line":15}},"branchMap":{},"s":{"0":2,"1":9,"2":8,"3":12},"f":{"0":2,"1":9,"2":8,"3":12},"b":{},"_coverageSchema":"1a1c01bbd47fc00a2c39e90264f33305004495a9","hash":"59513983381f6d5916a30b77d3923d437b458329"}
,"/home/fofana36u/sae202/src/metier/dossierListe/classes/GrapheListeAdjacence.ts": {"path":"/home/fofana36u/sae202/src/metier/dossierListe/classes/GrapheListeAdjacence.ts","statementMap":{"0":{"start":{"line":8,"column":27},"end":{"line":8,"column":29}},"1":{"start":{"line":12,"column":4},"end":{"line":12,"column":35}},"2":{"start":{"line":13,"column":4},"end":{"line":13,"column":33}},"3":{"start":{"line":14,"column":4},"end":{"line":14,"column":30}},"4":{"start":{"line":18,"column":4},"end":{"line":20,"column":5}},"5":{"start":{"line":18,"column":17},"end":{"line":18,"column":18}},"6":{"start":{"line":19,"column":6},"end":{"line":19,"column":50}},"7":{"start":{"line":22,"column":25},"end":{"line":22,"column":50}},"8":{"start":{"line":24,"column":21},"end":{"line":26,"column":5}},"9":{"start":{"line":28,"column":4},"end":{"line":36,"column":5}},"10":{"start":{"line":28,"column":17},"end":{"line":28,"column":18}},"11":{"start":{"line":29,"column":27},"end":{"line":29,"column":75}},"12":{"start":{"line":29,"column":52},"end":{"line":29,"column":74}},"13":{"start":{"line":30,"column":25},"end":{"line":30,"column":76}},"14":{"start":{"line":30,"column":52},"end":{"line":30,"column":75}},"15":{"start":{"line":32,"column":6},"end":{"line":35,"column":7}},"16":{"start":{"line":33,"column":27},"end":{"line":33,"column":69}},"17":{"start":{"line":33,"column":52},"end":{"line":33,"column":68}},"18":{"start":{"line":34,"column":8},"end":{"line":34,"column":62}},"19":{"start":{"line":40,"column":4},"end":{"line":44,"column":6}},"20":{"start":{"line":45,"column":4},"end":{"line":45,"column":43}},"21":{"start":{"line":50,"column":25},"end":{"line":50,"column":43}},"22":{"start":{"line":53,"column":4},"end":{"line":56,"column":5}},"23":{"start":{"line":54,"column":6},"end":{"line":54,"column":40}},"24":{"start":{"line":55,"column":6},"end":{"line":55,"column":40}},"25":{"start":{"line":58,"column":4},"end":{"line":58,"column":43}},"26":{"start":{"line":62,"column":17},"end":{"line":62,"column":18}},"27":{"start":{"line":63,"column":4},"end":{"line":65,"column":5}},"28":{"start":{"line":64,"column":6},"end":{"line":64,"column":40}},"29":{"start":{"line":66,"column":4},"end":{"line":66,"column":18}},"30":{"start":{"line":70,"column":4},"end":{"line":70,"column":34}},"31":{"start":{"line":74,"column":39},"end":{"line":74,"column":41}},"32":{"start":{"line":76,"column":4},"end":{"line":83,"column":5}},"33":{"start":{"line":77,"column":30},"end":{"line":79,"column":7}},"34":{"start":{"line":78,"column":20},"end":{"line":78,"column":51}},"35":{"start":{"line":80,"column":6},"end":{"line":82,"column":7}},"36":{"start":{"line":81,"column":8},"end":{"line":81,"column":46}},"37":{"start":{"line":85,"column":4},"end":{"line":85,"column":30}},"38":{"start":{"line":89,"column":4},"end":{"line":94,"column":6}},"39":{"start":{"line":98,"column":38},"end":{"line":98,"column":40}},"40":{"start":{"line":99,"column":24},"end":{"line":99,"column":26}},"41":{"start":{"line":103,"column":4},"end":{"line":103,"column":47}},"42":{"start":{"line":104,"column":4},"end":{"line":104,"column":72}},"43":{"start":{"line":106,"column":4},"end":{"line":110,"column":5}},"44":{"start":{"line":107,"column":6},"end":{"line":109,"column":7}},"45":{"start":{"line":108,"column":8},"end":{"line":108,"column":67}},"46":{"start":{"line":112,"column":4},"end":{"line":115,"column":5}},"47":{"start":{"line":113,"column":6},"end":{"line":113,"column":37}},"48":{"start":{"line":114,"column":6},"end":{"line":114,"column":28}},"49":{"start":{"line":118,"column":27},"end":{"line":118,"column":52}},"50":{"start":{"line":119,"column":4},"end":{"line":119,"column":56}},"51":{"start":{"line":120,"column":4},"end":{"line":120,"column":53}},"52":{"start":{"line":129,"column":4},"end":{"line":129,"column":31}},"53":{"start":{"line":130,"column":4},"end":{"line":130,"column":29}},"54":{"start":{"line":131,"column":4},"end":{"line":131,"column":44}},"55":{"start":{"line":133,"column":4},"end":{"line":176,"column":5}},"56":{"start":{"line":136,"column":6},"end":{"line":136,"column":34}},"57":{"start":{"line":137,"column":39},"end":{"line":137,"column":68}},"58":{"start":{"line":141,"column":26},"end":{"line":141,"column":71}},"59":{"start":{"line":143,"column":6},"end":{"line":173,"column":7}},"60":{"start":{"line":145,"column":8},"end":{"line":157,"column":9}},"61":{"start":{"line":146,"column":24},"end":{"line":146,"column":110}},"62":{"start":{"line":147,"column":10},"end":{"line":156,"column":11}},"63":{"start":{"line":148,"column":12},"end":{"line":148,"column":42}},"64":{"start":{"line":149,"column":12},"end":{"line":149,"column":56}},"65":{"start":{"line":153,"column":12},"end":{"line":155,"column":13}},"66":{"start":{"line":154,"column":14},"end":{"line":154,"column":53}},"67":{"start":{"line":160,"column":8},"end":{"line":172,"column":9}},"68":{"start":{"line":161,"column":24},"end":{"line":161,"column":110}},"69":{"start":{"line":162,"column":10},"end":{"line":171,"column":11}},"70":{"start":{"line":163,"column":12},"end":{"line":163,"column":42}},"71":{"start":{"line":164,"column":12},"end":{"line":164,"column":56}},"72":{"start":{"line":168,"column":12},"end":{"line":170,"column":13}},"73":{"start":{"line":169,"column":14},"end":{"line":169,"column":53}},"74":{"start":{"line":179,"column":24},"end":{"line":179,"column":26}},"75":{"start":{"line":180,"column":4},"end":{"line":180,"column":76}},"76":{"start":{"line":182,"column":4},"end":{"line":185,"column":5}},"77":{"start":{"line":183,"column":6},"end":{"line":183,"column":137}},"78":{"start":{"line":184,"column":6},"end":{"line":184,"column":107}},"79":{"start":{"line":189,"column":27},"end":{"line":189,"column":52}},"80":{"start":{"line":190,"column":4},"end":{"line":190,"column":60}},"81":{"start":{"line":191,"column":4},"end":{"line":191,"column":57}}},"fnMap":{"0":{"name":"(anonymous_0)","decl":{"start":{"line":11,"column":2},"end":{"line":11,"column":3}},"loc":{"start":{"line":11,"column":35},"end":{"line":15,"column":3}},"line":11},"1":{"name":"(anonymous_1)","decl":{"start":{"line":17,"column":2},"end":{"line":17,"column":3}},"loc":{"start":{"line":17,"column":37},"end":{"line":37,"column":3}},"line":17},"2":{"name":"(anonymous_2)","decl":{"start":{"line":29,"column":45},"end":{"line":29,"column":46}},"loc":{"start":{"line":29,"column":52},"end":{"line":29,"column":74}},"line":29},"3":{"name":"(anonymous_3)","decl":{"start":{"line":30,"column":43},"end":{"line":30,"column":44}},"loc":{"start":{"line":30,"column":52},"end":{"line":30,"column":75}},"line":30},"4":{"name":"(anonymous_4)","decl":{"start":{"line":33,"column":45},"end":{"line":33,"column":46}},"loc":{"start":{"line":33,"column":52},"end":{"line":33,"column":68}},"line":33},"5":{"name":"(anonymous_5)","decl":{"start":{"line":39,"column":2},"end":{"line":39,"column":3}},"loc":{"start":{"line":39,"column":18},"end":{"line":46,"column":3}},"line":39},"6":{"name":"(anonymous_6)","decl":{"start":{"line":48,"column":2},"end":{"line":48,"column":3}},"loc":{"start":{"line":48,"column":18},"end":{"line":59,"column":3}},"line":48},"7":{"name":"(anonymous_7)","decl":{"start":{"line":61,"column":2},"end":{"line":61,"column":3}},"loc":{"start":{"line":61,"column":16},"end":{"line":67,"column":3}},"line":61},"8":{"name":"(anonymous_8)","decl":{"start":{"line":69,"column":2},"end":{"line":69,"column":3}},"loc":{"start":{"line":69,"column":39},"end":{"line":71,"column":3}},"line":69},"9":{"name":"(anonymous_9)","decl":{"start":{"line":73,"column":2},"end":{"line":73,"column":3}},"loc":{"start":{"line":73,"column":41},"end":{"line":86,"column":3}},"line":73},"10":{"name":"(anonymous_10)","decl":{"start":{"line":78,"column":8},"end":{"line":78,"column":9}},"loc":{"start":{"line":78,"column":20},"end":{"line":78,"column":51}},"line":78},"11":{"name":"(anonymous_11)","decl":{"start":{"line":88,"column":2},"end":{"line":88,"column":3}},"loc":{"start":{"line":88,"column":35},"end":{"line":95,"column":3}},"line":88},"12":{"name":"(anonymous_12)","decl":{"start":{"line":97,"column":2},"end":{"line":97,"column":3}},"loc":{"start":{"line":97,"column":22},"end":{"line":121,"column":3}},"line":97},"13":{"name":"(anonymous_13)","decl":{"start":{"line":125,"column":2},"end":{"line":125,"column":3}},"loc":{"start":{"line":125,"column":71},"end":{"line":192,"column":3}},"line":125}},"branchMap":{"0":{"loc":{"start":{"line":80,"column":6},"end":{"line":82,"column":7}},"type":"if","locations":[{"start":{"line":80,"column":6},"end":{"line":82,"column":7}},{"start":{},"end":{}}],"line":80},"1":{"loc":{"start":{"line":125,"column":48},"end":{"line":125,"column":69}},"type":"default-arg","locations":[{"start":{"line":125,"column":68},"end":{"line":125,"column":69}}],"line":125},"2":{"loc":{"start":{"line":143,"column":6},"end":{"line":173,"column":7}},"type":"if","locations":[{"start":{"line":143,"column":6},"end":{"line":173,"column":7}},{"start":{"line":159,"column":13},"end":{"line":173,"column":7}}],"line":143},"3":{"loc":{"start":{"line":147,"column":10},"end":{"line":156,"column":11}},"type":"if","locations":[{"start":{"line":147,"column":10},"end":{"line":156,"column":11}},{"start":{},"end":{}}],"line":147},"4":{"loc":{"start":{"line":153,"column":12},"end":{"line":155,"column":13}},"type":"if","locations":[{"start":{"line":153,"column":12},"end":{"line":155,"column":13}},{"start":{},"end":{}}],"line":153},"5":{"loc":{"start":{"line":162,"column":10},"end":{"line":171,"column":11}},"type":"if","locations":[{"start":{"line":162,"column":10},"end":{"line":171,"column":11}},{"start":{},"end":{}}],"line":162},"6":{"loc":{"start":{"line":168,"column":12},"end":{"line":170,"column":13}},"type":"if","locations":[{"start":{"line":168,"column":12},"end":{"line":170,"column":13}},{"start":{},"end":{}}],"line":168},"7":{"loc":{"start":{"line":183,"column":28},"end":{"line":183,"column":66}},"type":"cond-expr","locations":[{"start":{"line":183,"column":42},"end":{"line":183,"column":57}},{"start":{"line":183,"column":60},"end":{"line":183,"column":66}}],"line":183},"8":{"loc":{"start":{"line":183,"column":84},"end":{"line":183,"column":133}},"type":"cond-expr","locations":[{"start":{"line":183,"column":98},"end":{"line":183,"column":129}},{"start":{"line":183,"column":132},"end":{"line":183,"column":133}}],"line":183},"9":{"loc":{"start":{"line":184,"column":65},"end":{"line":184,"column":103}},"type":"cond-expr","locations":[{"start":{"line":184,"column":79},"end":{"line":184,"column":94}},{"start":{"line":184,"column":97},"end":{"line":184,"column":103}}],"line":184}},"s":{"0":1,"1":1,"2":1,"3":1,"4":1,"5":1,"6":7,"7":1,"8":1,"9":1,"10":1,"11":7,"12":28,"13":7,"14":77,"15":7,"16":11,"17":55,"18":11,"19":1,"20":1,"21":1,"22":1,"23":7,"24":7,"25":1,"26":2,"27":2,"28":14,"29":2,"30":9,"31":2,"32":2,"33":14,"34":20,"35":14,"36":3,"37":2,"38":1,"39":1,"40":1,"41":1,"42":1,"43":1,"44":7,"45":11,"46":1,"47":11,"48":11,"49":1,"50":1,"51":1,"52":1,"53":1,"54":1,"55":1,"56":7,"57":7,"58":7,"59":7,"60":0,"61":0,"62":0,"63":0,"64":0,"65":0,"66":0,"67":7,"68":11,"69":11,"70":8,"71":8,"72":8,"73":6,"74":1,"75":1,"76":1,"77":7,"78":7,"79":1,"80":1,"81":1},"f":{"0":1,"1":1,"2":28,"3":77,"4":55,"5":1,"6":1,"7":2,"8":9,"9":2,"10":20,"11":1,"12":1,"13":1},"b":{"0":[3,11],"1":[1],"2":[0,7],"3":[0,0],"4":[0,0],"5":[8,3],"6":[6,2],"7":[6,1],"8":[6,1],"9":[6,1]},"_coverageSchema":"1a1c01bbd47fc00a2c39e90264f33305004495a9","hash":"f78980a85f1dc2f85a7ca095f70dd1f11dcd144f"}
,"/home/fofana36u/sae202/src/metier/dossierListe/classes/Sommet.ts": {"path":"/home/fofana36u/sae202/src/metier/dossierListe/classes/Sommet.ts","statementMap":{"0":{"start":{"line":3,"column":29},"end":{"line":3,"column":31}},"1":{"start":{"line":4,"column":40},"end":{"line":4,"column":42}},"2":{"start":{"line":9,"column":4},"end":{"line":9,"column":19}},"3":{"start":{"line":10,"column":4},"end":{"line":10,"column":46}},"4":{"start":{"line":11,"column":4},"end":{"line":11,"column":21}},"5":{"start":{"line":17,"column":4},"end":{"line":20,"column":5}},"6":{"start":{"line":18,"column":6},"end":{"line":18,"column":34}},"7":{"start":{"line":19,"column":6},"end":{"line":19,"column":40}},"8":{"start":{"line":24,"column":4},"end":{"line":28,"column":5}},"9":{"start":{"line":25,"column":24},"end":{"line":25,"column":58}},"10":{"start":{"line":26,"column":6},"end":{"line":26,"column":44}},"11":{"start":{"line":27,"column":6},"end":{"line":27,"column":43}},"12":{"start":{"line":32,"column":17},"end":{"line":32,"column":22}},"13":{"start":{"line":33,"column":4},"end":{"line":37,"column":5}},"14":{"start":{"line":34,"column":6},"end":{"line":36,"column":7}},"15":{"start":{"line":35,"column":8},"end":{"line":35,"column":22}},"16":{"start":{"line":38,"column":4},"end":{"line":38,"column":18}},"17":{"start":{"line":42,"column":4},"end":{"line":44,"column":20}},"18":{"start":{"line":43,"column":6},"end":{"line":43,"column":43}},"19":{"start":{"line":44,"column":11},"end":{"line":44,"column":20}}},"fnMap":{"0":{"name":"(anonymous_0)","decl":{"start":{"line":8,"column":2},"end":{"line":8,"column":3}},"loc":{"start":{"line":8,"column":27},"end":{"line":12,"column":3}},"line":8},"1":{"name":"(anonymous_1)","decl":{"start":{"line":16,"column":2},"end":{"line":16,"column":3}},"loc":{"start":{"line":16,"column":44},"end":{"line":21,"column":3}},"line":16},"2":{"name":"(anonymous_2)","decl":{"start":{"line":23,"column":2},"end":{"line":23,"column":3}},"loc":{"start":{"line":23,"column":33},"end":{"line":29,"column":3}},"line":23},"3":{"name":"(anonymous_3)","decl":{"start":{"line":31,"column":2},"end":{"line":31,"column":3}},"loc":{"start":{"line":31,"column":32},"end":{"line":39,"column":3}},"line":31},"4":{"name":"(anonymous_4)","decl":{"start":{"line":41,"column":2},"end":{"line":41,"column":3}},"loc":{"start":{"line":41,"column":34},"end":{"line":45,"column":3}},"line":41}},"branchMap":{"0":{"loc":{"start":{"line":17,"column":4},"end":{"line":20,"column":5}},"type":"if","locations":[{"start":{"line":17,"column":4},"end":{"line":20,"column":5}},{"start":{},"end":{}}],"line":17},"1":{"loc":{"start":{"line":24,"column":4},"end":{"line":28,"column":5}},"type":"if","locations":[{"start":{"line":24,"column":4},"end":{"line":28,"column":5}},{"start":{},"end":{}}],"line":24},"2":{"loc":{"start":{"line":34,"column":6},"end":{"line":36,"column":7}},"type":"if","locations":[{"start":{"line":34,"column":6},"end":{"line":36,"column":7}},{"start":{},"end":{}}],"line":34},"3":{"loc":{"start":{"line":42,"column":4},"end":{"line":44,"column":20}},"type":"if","locations":[{"start":{"line":42,"column":4},"end":{"line":44,"column":20}},{"start":{"line":44,"column":11},"end":{"line":44,"column":20}}],"line":42}},"s":{"0":14,"1":14,"2":14,"3":14,"4":14,"5":13,"6":13,"7":13,"8":15,"9":1,"10":1,"11":1,"12":59,"13":59,"14":85,"15":30,"16":59,"17":30,"18":29,"19":1},"f":{"0":14,"1":13,"2":15,"3":59,"4":30},"b":{"0":[13,0],"1":[1,14],"2":[30,55],"3":[29,1]},"_coverageSchema":"1a1c01bbd47fc00a2c39e90264f33305004495a9","hash":"bd0f15364de7bf962972617df9ad9185ff39e106"}
,"/home/fofana36u/sae202/src/metier/dossierListe/classes/gestionFichierListe.ts": {"path":"/home/fofana36u/sae202/src/metier/dossierListe/classes/gestionFichierListe.ts","statementMap":{"0":{"start":{"line":5,"column":23},"end":{"line":5,"column":24}},"1":{"start":{"line":6,"column":20},"end":{"line":6,"column":21}},"2":{"start":{"line":9,"column":4},"end":{"line":9,"column":52}},"3":{"start":{"line":14,"column":4},"end":{"line":14,"column":56}},"4":{"start":{"line":19,"column":33},"end":{"line":19,"column":35}},"5":{"start":{"line":20,"column":43},"end":{"line":20,"column":45}},"6":{"start":{"line":21,"column":4},"end":{"line":32,"column":5}},"7":{"start":{"line":21,"column":20},"end":{"line":21,"column":21}},"8":{"start":{"line":22,"column":6},"end":{"line":31,"column":7}},"9":{"start":{"line":24,"column":8},"end":{"line":24,"column":43}},"10":{"start":{"line":25,"column":8},"end":{"line":25,"column":45}},"11":{"start":{"line":26,"column":8},"end":{"line":26,"column":42}},"12":{"start":{"line":29,"column":8},"end":{"line":29,"column":43}},"13":{"start":{"line":30,"column":8},"end":{"line":30,"column":59}},"14":{"start":{"line":34,"column":4},"end":{"line":34,"column":22}}},"fnMap":{"0":{"name":"(anonymous_0)","decl":{"start":{"line":8,"column":2},"end":{"line":8,"column":3}},"loc":{"start":{"line":8,"column":41},"end":{"line":10,"column":3}},"line":8},"1":{"name":"(anonymous_1)","decl":{"start":{"line":13,"column":2},"end":{"line":13,"column":3}},"loc":{"start":{"line":13,"column":45},"end":{"line":15,"column":3}},"line":13},"2":{"name":"(anonymous_2)","decl":{"start":{"line":18,"column":2},"end":{"line":18,"column":3}},"loc":{"start":{"line":18,"column":42},"end":{"line":35,"column":3}},"line":18}},"branchMap":{"0":{"loc":{"start":{"line":22,"column":6},"end":{"line":31,"column":7}},"type":"if","locations":[{"start":{"line":22,"column":6},"end":{"line":31,"column":7}},{"start":{"line":27,"column":13},"end":{"line":31,"column":7}}],"line":22}},"s":{"0":4,"1":4,"2":3,"3":2,"4":2,"5":2,"6":2,"7":2,"8":14,"9":2,"10":2,"11":2,"12":12,"13":12,"14":2},"f":{"0":3,"1":2,"2":2},"b":{"0":[2,12]},"_coverageSchema":"1a1c01bbd47fc00a2c39e90264f33305004495a9","hash":"4bd5071892418d9ccb8a00b9fa0c6a5377eb8968"}
,"/home/fofana36u/sae202/src/metier/dossierMatrice/BellmanMatrice.ts": {"path":"/home/fofana36u/sae202/src/metier/dossierMatrice/BellmanMatrice.ts","statementMap":{"0":{"start":{"line":9,"column":56},"end":{"line":9,"column":58}},"1":{"start":{"line":10,"column":60},"end":{"line":10,"column":62}},"2":{"start":{"line":17,"column":8},"end":{"line":17,"column":19}},"3":{"start":{"line":18,"column":8},"end":{"line":18,"column":29}},"4":{"start":{"line":19,"column":8},"end":{"line":19,"column":39}},"5":{"start":{"line":27,"column":48},"end":{"line":27,"column":74}},"6":{"start":{"line":32,"column":8},"end":{"line":57,"column":9}},"7":{"start":{"line":33,"column":12},"end":{"line":33,"column":27}},"8":{"start":{"line":40,"column":12},"end":{"line":40,"column":39}},"9":{"start":{"line":41,"column":12},"end":{"line":41,"column":27}},"10":{"start":{"line":44,"column":12},"end":{"line":53,"column":13}},"11":{"start":{"line":44,"column":45},"end":{"line":44,"column":46}},"12":{"start":{"line":47,"column":16},"end":{"line":52,"column":17}},"13":{"start":{"line":50,"column":20},"end":{"line":50,"column":142}},"14":{"start":{"line":51,"column":20},"end":{"line":51,"column":73}},"15":{"start":{"line":56,"column":12},"end":{"line":56,"column":49}},"16":{"start":{"line":65,"column":46},"end":{"line":65,"column":70}},"17":{"start":{"line":66,"column":41},"end":{"line":66,"column":43}},"18":{"start":{"line":69,"column":8},"end":{"line":89,"column":9}},"19":{"start":{"line":70,"column":12},"end":{"line":70,"column":22}},"20":{"start":{"line":76,"column":12},"end":{"line":85,"column":13}},"21":{"start":{"line":76,"column":43},"end":{"line":76,"column":44}},"22":{"start":{"line":79,"column":35},"end":{"line":79,"column":124}},"23":{"start":{"line":79,"column":59},"end":{"line":79,"column":123}},"24":{"start":{"line":82,"column":16},"end":{"line":84,"column":17}},"25":{"start":{"line":83,"column":20},"end":{"line":83,"column":65}},"26":{"start":{"line":88,"column":12},"end":{"line":88,"column":30}},"27":{"start":{"line":97,"column":42},"end":{"line":97,"column":44}},"28":{"start":{"line":100,"column":8},"end":{"line":104,"column":9}},"29":{"start":{"line":100,"column":34},"end":{"line":100,"column":35}},"30":{"start":{"line":101,"column":12},"end":{"line":103,"column":13}},"31":{"start":{"line":102,"column":16},"end":{"line":102,"column":41}},"32":{"start":{"line":107,"column":8},"end":{"line":107,"column":27}},"33":{"start":{"line":115,"column":8},"end":{"line":172,"column":9}},"34":{"start":{"line":118,"column":12},"end":{"line":118,"column":44}},"35":{"start":{"line":121,"column":12},"end":{"line":121,"column":78}},"36":{"start":{"line":125,"column":13},"end":{"line":172,"column":9}},"37":{"start":{"line":128,"column":12},"end":{"line":135,"column":13}},"38":{"start":{"line":129,"column":16},"end":{"line":129,"column":28}},"39":{"start":{"line":134,"column":16},"end":{"line":134,"column":29}},"40":{"start":{"line":142,"column":34},"end":{"line":142,"column":48}},"41":{"start":{"line":145,"column":12},"end":{"line":145,"column":32}},"42":{"start":{"line":148,"column":12},"end":{"line":148,"column":37}},"43":{"start":{"line":151,"column":39},"end":{"line":151,"column":65}},"44":{"start":{"line":154,"column":12},"end":{"line":154,"column":49}},"45":{"start":{"line":157,"column":12},"end":{"line":162,"column":13}},"46":{"start":{"line":158,"column":16},"end":{"line":158,"column":47}},"47":{"start":{"line":161,"column":16},"end":{"line":161,"column":48}},"48":{"start":{"line":165,"column":12},"end":{"line":165,"column":57}},"49":{"start":{"line":168,"column":12},"end":{"line":168,"column":52}},"50":{"start":{"line":171,"column":12},"end":{"line":171,"column":78}}},"fnMap":{"0":{"name":"(anonymous_0)","decl":{"start":{"line":16,"column":4},"end":{"line":16,"column":5}},"loc":{"start":{"line":16,"column":75},"end":{"line":20,"column":5}},"line":16},"1":{"name":"(anonymous_1)","decl":{"start":{"line":24,"column":4},"end":{"line":24,"column":5}},"loc":{"start":{"line":24,"column":52},"end":{"line":58,"column":5}},"line":24},"2":{"name":"(anonymous_2)","decl":{"start":{"line":62,"column":4},"end":{"line":62,"column":5}},"loc":{"start":{"line":62,"column":79},"end":{"line":90,"column":5}},"line":62},"3":{"name":"(anonymous_3)","decl":{"start":{"line":79,"column":54},"end":{"line":79,"column":55}},"loc":{"start":{"line":79,"column":59},"end":{"line":79,"column":123}},"line":79},"4":{"name":"(anonymous_4)","decl":{"start":{"line":94,"column":4},"end":{"line":94,"column":5}},"loc":{"start":{"line":94,"column":39},"end":{"line":108,"column":5}},"line":94},"5":{"name":"(anonymous_5)","decl":{"start":{"line":112,"column":4},"end":{"line":112,"column":5}},"loc":{"start":{"line":112,"column":113},"end":{"line":173,"column":5}},"line":112}},"branchMap":{"0":{"loc":{"start":{"line":16,"column":29},"end":{"line":16,"column":48}},"type":"default-arg","locations":[{"start":{"line":16,"column":47},"end":{"line":16,"column":48}}],"line":16},"1":{"loc":{"start":{"line":16,"column":50},"end":{"line":16,"column":74}},"type":"default-arg","locations":[{"start":{"line":16,"column":73},"end":{"line":16,"column":74}}],"line":16},"2":{"loc":{"start":{"line":32,"column":8},"end":{"line":57,"column":9}},"type":"if","locations":[{"start":{"line":32,"column":8},"end":{"line":57,"column":9}},{"start":{"line":37,"column":12},"end":{"line":57,"column":9}}],"line":32},"3":{"loc":{"start":{"line":47,"column":16},"end":{"line":52,"column":17}},"type":"if","locations":[{"start":{"line":47,"column":16},"end":{"line":52,"column":17}},{"start":{},"end":{}}],"line":47},"4":{"loc":{"start":{"line":69,"column":8},"end":{"line":89,"column":9}},"type":"if","locations":[{"start":{"line":69,"column":8},"end":{"line":89,"column":9}},{"start":{"line":73,"column":12},"end":{"line":89,"column":9}}],"line":69},"5":{"loc":{"start":{"line":82,"column":16},"end":{"line":84,"column":17}},"type":"if","locations":[{"start":{"line":82,"column":16},"end":{"line":84,"column":17}},{"start":{},"end":{}}],"line":82},"6":{"loc":{"start":{"line":101,"column":12},"end":{"line":103,"column":13}},"type":"if","locations":[{"start":{"line":101,"column":12},"end":{"line":103,"column":13}},{"start":{},"end":{}}],"line":101},"7":{"loc":{"start":{"line":115,"column":8},"end":{"line":172,"column":9}},"type":"if","locations":[{"start":{"line":115,"column":8},"end":{"line":172,"column":9}},{"start":{"line":125,"column":13},"end":{"line":172,"column":9}}],"line":115},"8":{"loc":{"start":{"line":125,"column":13},"end":{"line":172,"column":9}},"type":"if","locations":[{"start":{"line":125,"column":13},"end":{"line":172,"column":9}},{"start":{"line":139,"column":12},"end":{"line":172,"column":9}}],"line":125},"9":{"loc":{"start":{"line":128,"column":12},"end":{"line":135,"column":13}},"type":"if","locations":[{"start":{"line":128,"column":12},"end":{"line":135,"column":13}},{"start":{"line":133,"column":16},"end":{"line":135,"column":13}}],"line":128},"10":{"loc":{"start":{"line":157,"column":12},"end":{"line":162,"column":13}},"type":"if","locations":[{"start":{"line":157,"column":12},"end":{"line":162,"column":13}},{"start":{"line":160,"column":16},"end":{"line":162,"column":13}}],"line":157}},"s":{"0":2,"1":2,"2":2,"3":2,"4":2,"5":16,"6":16,"7":3,"8":13,"9":13,"10":13,"11":13,"12":23,"13":18,"14":18,"15":13,"16":16,"17":16,"18":16,"19":3,"20":13,"21":13,"22":25,"23":70,"24":25,"25":14,"26":13,"27":4,"28":4,"29":4,"30":28,"31":3,"32":4,"33":20,"34":3,"35":3,"36":17,"37":3,"38":2,"39":1,"40":14,"41":14,"42":14,"43":14,"44":14,"45":14,"46":2,"47":12,"48":14,"49":14,"50":14},"f":{"0":2,"1":16,"2":16,"3":70,"4":4,"5":20},"b":{"0":[0],"1":[0],"2":[3,13],"3":[18,5],"4":[3,13],"5":[14,11],"6":[3,25],"7":[3,17],"8":[3,14],"9":[2,1],"10":[2,12]},"_coverageSchema":"1a1c01bbd47fc00a2c39e90264f33305004495a9","hash":"82751d8f1720a29f0a22e0cfee25bbd99273698c"}
,"/home/fofana36u/sae202/src/metier/dossierMatrice/BordureMatrice.ts": {"path":"/home/fofana36u/sae202/src/metier/dossierMatrice/BordureMatrice.ts","statementMap":{"0":{"start":{"line":12,"column":8},"end":{"line":12,"column":33}},"1":{"start":{"line":13,"column":8},"end":{"line":13,"column":29}},"2":{"start":{"line":23,"column":41},"end":{"line":23,"column":43}},"3":{"start":{"line":25,"column":57},"end":{"line":25,"column":59}},"4":{"start":{"line":28,"column":8},"end":{"line":28,"column":32}},"5":{"start":{"line":33,"column":8},"end":{"line":33,"column":38}},"6":{"start":{"line":34,"column":8},"end":{"line":34,"column":38}},"7":{"start":{"line":40,"column":8},"end":{"line":47,"column":9}},"8":{"start":{"line":40,"column":30},"end":{"line":40,"column":31}},"9":{"start":{"line":41,"column":12},"end":{"line":46,"column":13}},"10":{"start":{"line":42,"column":16},"end":{"line":42,"column":79}},"11":{"start":{"line":45,"column":16},"end":{"line":45,"column":72}},"12":{"start":{"line":53,"column":8},"end":{"line":59,"column":9}},"13":{"start":{"line":54,"column":12},"end":{"line":54,"column":24}},"14":{"start":{"line":58,"column":12},"end":{"line":58,"column":25}},"15":{"start":{"line":67,"column":39},"end":{"line":67,"column":41}},"16":{"start":{"line":68,"column":35},"end":{"line":68,"column":43}},"17":{"start":{"line":71,"column":8},"end":{"line":84,"column":9}},"18":{"start":{"line":71,"column":35},"end":{"line":71,"column":36}},"19":{"start":{"line":74,"column":12},"end":{"line":83,"column":13}},"20":{"start":{"line":74,"column":41},"end":{"line":74,"column":61}},"21":{"start":{"line":77,"column":16},"end":{"line":82,"column":17}},"22":{"start":{"line":80,"column":20},"end":{"line":80,"column":45}},"23":{"start":{"line":81,"column":20},"end":{"line":81,"column":76}},"24":{"start":{"line":87,"column":8},"end":{"line":87,"column":88}},"25":{"start":{"line":87,"column":56},"end":{"line":87,"column":86}},"26":{"start":{"line":90,"column":8},"end":{"line":90,"column":31}},"27":{"start":{"line":98,"column":8},"end":{"line":98,"column":78}},"28":{"start":{"line":101,"column":8},"end":{"line":101,"column":83}},"29":{"start":{"line":101,"column":57},"end":{"line":101,"column":81}},"30":{"start":{"line":106,"column":8},"end":{"line":106,"column":59}},"31":{"start":{"line":107,"column":8},"end":{"line":107,"column":51}}},"fnMap":{"0":{"name":"(anonymous_0)","decl":{"start":{"line":11,"column":4},"end":{"line":11,"column":5}},"loc":{"start":{"line":11,"column":59},"end":{"line":14,"column":5}},"line":11},"1":{"name":"(anonymous_1)","decl":{"start":{"line":27,"column":4},"end":{"line":27,"column":5}},"loc":{"start":{"line":27,"column":47},"end":{"line":29,"column":5}},"line":27},"2":{"name":"(anonymous_2)","decl":{"start":{"line":32,"column":4},"end":{"line":32,"column":5}},"loc":{"start":{"line":32,"column":54},"end":{"line":35,"column":5}},"line":32},"3":{"name":"(anonymous_3)","decl":{"start":{"line":39,"column":4},"end":{"line":39,"column":5}},"loc":{"start":{"line":39,"column":67},"end":{"line":48,"column":5}},"line":39},"4":{"name":"(anonymous_4)","decl":{"start":{"line":52,"column":4},"end":{"line":52,"column":5}},"loc":{"start":{"line":52,"column":30},"end":{"line":60,"column":5}},"line":52},"5":{"name":"(anonymous_5)","decl":{"start":{"line":64,"column":4},"end":{"line":64,"column":5}},"loc":{"start":{"line":64,"column":61},"end":{"line":91,"column":5}},"line":64},"6":{"name":"(anonymous_6)","decl":{"start":{"line":74,"column":36},"end":{"line":74,"column":37}},"loc":{"start":{"line":74,"column":41},"end":{"line":74,"column":61}},"line":74},"7":{"name":"(anonymous_7)","decl":{"start":{"line":87,"column":51},"end":{"line":87,"column":52}},"loc":{"start":{"line":87,"column":56},"end":{"line":87,"column":86}},"line":87},"8":{"name":"(anonymous_8)","decl":{"start":{"line":95,"column":4},"end":{"line":95,"column":5}},"loc":{"start":{"line":95,"column":90},"end":{"line":102,"column":5}},"line":95},"9":{"name":"(anonymous_9)","decl":{"start":{"line":101,"column":52},"end":{"line":101,"column":53}},"loc":{"start":{"line":101,"column":57},"end":{"line":101,"column":81}},"line":101},"10":{"name":"(anonymous_10)","decl":{"start":{"line":105,"column":4},"end":{"line":105,"column":5}},"loc":{"start":{"line":105,"column":82},"end":{"line":108,"column":5}},"line":105}},"branchMap":{"0":{"loc":{"start":{"line":11,"column":16},"end":{"line":11,"column":37}},"type":"default-arg","locations":[{"start":{"line":11,"column":36},"end":{"line":11,"column":37}}],"line":11},"1":{"loc":{"start":{"line":11,"column":39},"end":{"line":11,"column":58}},"type":"default-arg","locations":[{"start":{"line":11,"column":57},"end":{"line":11,"column":58}}],"line":11},"2":{"loc":{"start":{"line":41,"column":12},"end":{"line":46,"column":13}},"type":"if","locations":[{"start":{"line":41,"column":12},"end":{"line":46,"column":13}},{"start":{"line":44,"column":16},"end":{"line":46,"column":13}}],"line":41},"3":{"loc":{"start":{"line":53,"column":8},"end":{"line":59,"column":9}},"type":"if","locations":[{"start":{"line":53,"column":8},"end":{"line":59,"column":9}},{"start":{"line":57,"column":12},"end":{"line":59,"column":9}}],"line":53},"4":{"loc":{"start":{"line":74,"column":12},"end":{"line":83,"column":13}},"type":"if","locations":[{"start":{"line":74,"column":12},"end":{"line":83,"column":13}},{"start":{},"end":{}}],"line":74},"5":{"loc":{"start":{"line":77,"column":16},"end":{"line":82,"column":17}},"type":"if","locations":[{"start":{"line":77,"column":16},"end":{"line":82,"column":17}},{"start":{},"end":{}}],"line":77}},"s":{"0":18,"1":18,"2":3,"3":3,"4":3,"5":8,"6":8,"7":2,"8":2,"9":14,"10":12,"11":2,"12":18,"13":3,"14":15,"15":14,"16":14,"17":14,"18":14,"19":98,"20":294,"21":56,"22":20,"23":20,"24":14,"25":32,"26":14,"27":16,"28":16,"29":38,"30":16,"31":16},"f":{"0":18,"1":3,"2":8,"3":2,"4":18,"5":14,"6":294,"7":32,"8":16,"9":38,"10":16},"b":{"0":[3],"1":[3],"2":[12,2],"3":[3,15],"4":[56,42],"5":[20,36]},"_coverageSchema":"1a1c01bbd47fc00a2c39e90264f33305004495a9","hash":"7204c5b406dbee48c4d1a817aacae82918fd6ae3"}
,"/home/fofana36u/sae202/src/metier/dossierMatrice/DijkstraMatrice.ts": {"path":"/home/fofana36u/sae202/src/metier/dossierMatrice/DijkstraMatrice.ts","statementMap":{"0":{"start":{"line":10,"column":45},"end":{"line":10,"column":65}},"1":{"start":{"line":17,"column":8},"end":{"line":17,"column":19}},"2":{"start":{"line":18,"column":8},"end":{"line":18,"column":29}},"3":{"start":{"line":19,"column":8},"end":{"line":19,"column":35}},"4":{"start":{"line":27,"column":8},"end":{"line":43,"column":9}},"5":{"start":{"line":28,"column":12},"end":{"line":28,"column":74}},"6":{"start":{"line":35,"column":50},"end":{"line":35,"column":105}},"7":{"start":{"line":38,"column":12},"end":{"line":42,"column":13}},"8":{"start":{"line":38,"column":39},"end":{"line":38,"column":40}},"9":{"start":{"line":39,"column":16},"end":{"line":41,"column":17}},"10":{"start":{"line":40,"column":20},"end":{"line":40,"column":185}},"11":{"start":{"line":51,"column":40},"end":{"line":51,"column":42}},"12":{"start":{"line":54,"column":8},"end":{"line":69,"column":9}},"13":{"start":{"line":55,"column":12},"end":{"line":59,"column":13}},"14":{"start":{"line":55,"column":39},"end":{"line":55,"column":40}},"15":{"start":{"line":56,"column":16},"end":{"line":58,"column":17}},"16":{"start":{"line":57,"column":20},"end":{"line":57,"column":60}},"17":{"start":{"line":64,"column":12},"end":{"line":68,"column":13}},"18":{"start":{"line":64,"column":39},"end":{"line":64,"column":40}},"19":{"start":{"line":65,"column":16},"end":{"line":67,"column":17}},"20":{"start":{"line":66,"column":20},"end":{"line":66,"column":60}},"21":{"start":{"line":72,"column":8},"end":{"line":72,"column":25}},"22":{"start":{"line":80,"column":8},"end":{"line":114,"column":9}},"23":{"start":{"line":83,"column":12},"end":{"line":83,"column":124}},"24":{"start":{"line":86,"column":12},"end":{"line":86,"column":35}},"25":{"start":{"line":89,"column":12},"end":{"line":89,"column":72}},"26":{"start":{"line":93,"column":13},"end":{"line":114,"column":9}},"27":{"start":{"line":94,"column":12},"end":{"line":94,"column":24}},"28":{"start":{"line":101,"column":34},"end":{"line":101,"column":79}},"29":{"start":{"line":104,"column":12},"end":{"line":104,"column":37}},"30":{"start":{"line":107,"column":12},"end":{"line":107,"column":39}},"31":{"start":{"line":110,"column":12},"end":{"line":110,"column":132}},"32":{"start":{"line":113,"column":12},"end":{"line":113,"column":72}}},"fnMap":{"0":{"name":"(anonymous_0)","decl":{"start":{"line":16,"column":4},"end":{"line":16,"column":5}},"loc":{"start":{"line":16,"column":73},"end":{"line":20,"column":5}},"line":16},"1":{"name":"(anonymous_1)","decl":{"start":{"line":24,"column":4},"end":{"line":24,"column":5}},"loc":{"start":{"line":24,"column":43},"end":{"line":44,"column":5}},"line":24},"2":{"name":"(anonymous_2)","decl":{"start":{"line":48,"column":4},"end":{"line":48,"column":5}},"loc":{"start":{"line":48,"column":106},"end":{"line":73,"column":5}},"line":48},"3":{"name":"(anonymous_3)","decl":{"start":{"line":77,"column":4},"end":{"line":77,"column":5}},"loc":{"start":{"line":77,"column":91},"end":{"line":115,"column":5}},"line":77}},"branchMap":{"0":{"loc":{"start":{"line":16,"column":29},"end":{"line":16,"column":48}},"type":"default-arg","locations":[{"start":{"line":16,"column":47},"end":{"line":16,"column":48}}],"line":16},"1":{"loc":{"start":{"line":16,"column":50},"end":{"line":16,"column":72}},"type":"default-arg","locations":[{"start":{"line":16,"column":71},"end":{"line":16,"column":72}}],"line":16},"2":{"loc":{"start":{"line":27,"column":8},"end":{"line":43,"column":9}},"type":"if","locations":[{"start":{"line":27,"column":8},"end":{"line":43,"column":9}},{"start":{"line":32,"column":12},"end":{"line":43,"column":9}}],"line":27},"3":{"loc":{"start":{"line":39,"column":16},"end":{"line":41,"column":17}},"type":"if","locations":[{"start":{"line":39,"column":16},"end":{"line":41,"column":17}},{"start":{},"end":{}}],"line":39},"4":{"loc":{"start":{"line":54,"column":8},"end":{"line":69,"column":9}},"type":"if","locations":[{"start":{"line":54,"column":8},"end":{"line":69,"column":9}},{"start":{"line":63,"column":12},"end":{"line":69,"column":9}}],"line":54},"5":{"loc":{"start":{"line":56,"column":16},"end":{"line":58,"column":17}},"type":"if","locations":[{"start":{"line":56,"column":16},"end":{"line":58,"column":17}},{"start":{},"end":{}}],"line":56},"6":{"loc":{"start":{"line":65,"column":16},"end":{"line":67,"column":17}},"type":"if","locations":[{"start":{"line":65,"column":16},"end":{"line":67,"column":17}},{"start":{},"end":{}}],"line":65},"7":{"loc":{"start":{"line":80,"column":8},"end":{"line":114,"column":9}},"type":"if","locations":[{"start":{"line":80,"column":8},"end":{"line":114,"column":9}},{"start":{"line":93,"column":13},"end":{"line":114,"column":9}}],"line":80},"8":{"loc":{"start":{"line":93,"column":13},"end":{"line":114,"column":9}},"type":"if","locations":[{"start":{"line":93,"column":13},"end":{"line":114,"column":9}},{"start":{"line":98,"column":12},"end":{"line":114,"column":9}}],"line":93}},"s":{"0":2,"1":2,"2":2,"3":2,"4":16,"5":2,"6":14,"7":14,"8":14,"9":22,"10":16,"11":30,"12":30,"13":28,"14":28,"15":44,"16":44,"17":2,"18":2,"19":4,"20":4,"21":30,"22":18,"23":2,"24":2,"25":2,"26":16,"27":2,"28":14,"29":14,"30":14,"31":14,"32":14},"f":{"0":2,"1":16,"2":30,"3":18},"b":{"0":[0],"1":[0],"2":[2,14],"3":[16,6],"4":[28,2],"5":[44,0],"6":[4,0],"7":[2,16],"8":[2,14]},"_coverageSchema":"1a1c01bbd47fc00a2c39e90264f33305004495a9","hash":"c6984ff35ecaf32184cfe630eb7969aad85e5ab1"}
,"/home/fofana36u/sae202/src/metier/dossierMatrice/GestionFichierMatrice.ts": {"path":"/home/fofana36u/sae202/src/metier/dossierMatrice/GestionFichierMatrice.ts","statementMap":{"0":{"start":{"line":14,"column":8},"end":{"line":14,"column":31}},"1":{"start":{"line":18,"column":8},"end":{"line":18,"column":28}},"2":{"start":{"line":23,"column":38},"end":{"line":23,"column":82}},"3":{"start":{"line":26,"column":8},"end":{"line":28,"column":9}},"4":{"start":{"line":27,"column":12},"end":{"line":27,"column":28}},"5":{"start":{"line":31,"column":8},"end":{"line":31,"column":23}},"6":{"start":{"line":39,"column":38},"end":{"line":39,"column":40}},"7":{"start":{"line":40,"column":48},"end":{"line":40,"column":50}},"8":{"start":{"line":43,"column":8},"end":{"line":57,"column":9}},"9":{"start":{"line":43,"column":24},"end":{"line":43,"column":25}},"10":{"start":{"line":46,"column":12},"end":{"line":56,"column":13}},"11":{"start":{"line":47,"column":16},"end":{"line":47,"column":51}},"12":{"start":{"line":48,"column":16},"end":{"line":48,"column":53}},"13":{"start":{"line":49,"column":16},"end":{"line":49,"column":50}},"14":{"start":{"line":54,"column":16},"end":{"line":54,"column":51}},"15":{"start":{"line":55,"column":16},"end":{"line":55,"column":66}},"16":{"start":{"line":60,"column":8},"end":{"line":60,"column":26}},"17":{"start":{"line":68,"column":45},"end":{"line":68,"column":74}},"18":{"start":{"line":69,"column":32},"end":{"line":69,"column":33}},"19":{"start":{"line":72,"column":8},"end":{"line":113,"column":9}},"20":{"start":{"line":75,"column":12},"end":{"line":82,"column":13}},"21":{"start":{"line":76,"column":16},"end":{"line":76,"column":147}},"22":{"start":{"line":80,"column":17},"end":{"line":82,"column":13}},"23":{"start":{"line":81,"column":16},"end":{"line":81,"column":147}},"24":{"start":{"line":85,"column":12},"end":{"line":93,"column":13}},"25":{"start":{"line":86,"column":16},"end":{"line":88,"column":17}},"26":{"start":{"line":87,"column":20},"end":{"line":87,"column":57}},"27":{"start":{"line":90,"column":16},"end":{"line":92,"column":17}},"28":{"start":{"line":91,"column":20},"end":{"line":91,"column":57}},"29":{"start":{"line":94,"column":12},"end":{"line":94,"column":26}},"30":{"start":{"line":97,"column":12},"end":{"line":104,"column":13}},"31":{"start":{"line":98,"column":16},"end":{"line":98,"column":142}},"32":{"start":{"line":102,"column":17},"end":{"line":104,"column":13}},"33":{"start":{"line":103,"column":16},"end":{"line":103,"column":142}},"34":{"start":{"line":107,"column":12},"end":{"line":107,"column":24}},"35":{"start":{"line":111,"column":12},"end":{"line":111,"column":31}},"36":{"start":{"line":112,"column":12},"end":{"line":112,"column":25}},"37":{"start":{"line":121,"column":37},"end":{"line":121,"column":59}},"38":{"start":{"line":124,"column":21},"end":{"line":124,"column":68}},"39":{"start":{"line":127,"column":8},"end":{"line":129,"column":9}},"40":{"start":{"line":127,"column":24},"end":{"line":127,"column":25}},"41":{"start":{"line":128,"column":12},"end":{"line":128,"column":43}},"42":{"start":{"line":130,"column":8},"end":{"line":130,"column":21}}},"fnMap":{"0":{"name":"(anonymous_0)","decl":{"start":{"line":13,"column":4},"end":{"line":13,"column":5}},"loc":{"start":{"line":13,"column":39},"end":{"line":15,"column":5}},"line":13},"1":{"name":"(anonymous_1)","decl":{"start":{"line":17,"column":4},"end":{"line":17,"column":5}},"loc":{"start":{"line":17,"column":36},"end":{"line":19,"column":5}},"line":17},"2":{"name":"(anonymous_2)","decl":{"start":{"line":22,"column":4},"end":{"line":22,"column":5}},"loc":{"start":{"line":22,"column":55},"end":{"line":32,"column":5}},"line":22},"3":{"name":"(anonymous_3)","decl":{"start":{"line":36,"column":4},"end":{"line":36,"column":5}},"loc":{"start":{"line":36,"column":51},"end":{"line":61,"column":5}},"line":36},"4":{"name":"(anonymous_4)","decl":{"start":{"line":65,"column":4},"end":{"line":65,"column":5}},"loc":{"start":{"line":65,"column":60},"end":{"line":114,"column":5}},"line":65},"5":{"name":"(anonymous_5)","decl":{"start":{"line":118,"column":4},"end":{"line":118,"column":5}},"loc":{"start":{"line":118,"column":76},"end":{"line":131,"column":5}},"line":118}},"branchMap":{"0":{"loc":{"start":{"line":26,"column":8},"end":{"line":28,"column":9}},"type":"if","locations":[{"start":{"line":26,"column":8},"end":{"line":28,"column":9}},{"start":{},"end":{}}],"line":26},"1":{"loc":{"start":{"line":46,"column":12},"end":{"line":56,"column":13}},"type":"if","locations":[{"start":{"line":46,"column":12},"end":{"line":56,"column":13}},{"start":{"line":53,"column":16},"end":{"line":56,"column":13}}],"line":46},"2":{"loc":{"start":{"line":75,"column":12},"end":{"line":82,"column":13}},"type":"if","locations":[{"start":{"line":75,"column":12},"end":{"line":82,"column":13}},{"start":{"line":80,"column":17},"end":{"line":82,"column":13}}],"line":75},"3":{"loc":{"start":{"line":80,"column":17},"end":{"line":82,"column":13}},"type":"if","locations":[{"start":{"line":80,"column":17},"end":{"line":82,"column":13}},{"start":{},"end":{}}],"line":80},"4":{"loc":{"start":{"line":86,"column":16},"end":{"line":88,"column":17}},"type":"if","locations":[{"start":{"line":86,"column":16},"end":{"line":88,"column":17}},{"start":{},"end":{}}],"line":86},"5":{"loc":{"start":{"line":90,"column":16},"end":{"line":92,"column":17}},"type":"if","locations":[{"start":{"line":90,"column":16},"end":{"line":92,"column":17}},{"start":{},"end":{}}],"line":90},"6":{"loc":{"start":{"line":97,"column":12},"end":{"line":104,"column":13}},"type":"if","locations":[{"start":{"line":97,"column":12},"end":{"line":104,"column":13}},{"start":{"line":102,"column":17},"end":{"line":104,"column":13}}],"line":97},"7":{"loc":{"start":{"line":102,"column":17},"end":{"line":104,"column":13}},"type":"if","locations":[{"start":{"line":102,"column":17},"end":{"line":104,"column":13}},{"start":{},"end":{}}],"line":102}},"s":{"0":20,"1":20,"2":21,"3":21,"4":0,"5":21,"6":51,"7":51,"8":51,"9":51,"10":663,"11":51,"12":51,"13":51,"14":612,"15":612,"16":51,"17":27,"18":27,"19":27,"20":27,"21":1,"22":26,"23":2,"24":24,"25":264,"26":0,"27":264,"28":120,"29":24,"30":24,"31":1,"32":23,"33":1,"34":22,"35":5,"36":5,"37":0,"38":0,"39":0,"40":0,"41":0,"42":0},"f":{"0":20,"1":20,"2":21,"3":51,"4":27,"5":0},"b":{"0":[0,21],"1":[51,612],"2":[1,26],"3":[2,24],"4":[0,264],"5":[120,144],"6":[1,23],"7":[1,22]},"_coverageSchema":"1a1c01bbd47fc00a2c39e90264f33305004495a9","hash":"fab7b7c56fe08a57304b7659351209fbd307b5fa"}
,"/home/fofana36u/sae202/src/metier/dossierMatrice/MatriceAdjacence.ts": {"path":"/home/fofana36u/sae202/src/metier/dossierMatrice/MatriceAdjacence.ts","statementMap":{"0":{"start":{"line":11,"column":53},"end":{"line":11,"column":55}},"1":{"start":{"line":16,"column":8},"end":{"line":16,"column":16}},"2":{"start":{"line":17,"column":8},"end":{"line":17,"column":31}},"3":{"start":{"line":25,"column":45},"end":{"line":25,"column":85}},"4":{"start":{"line":28,"column":8},"end":{"line":28,"column":45}},"5":{"start":{"line":29,"column":8},"end":{"line":29,"column":39}},"6":{"start":{"line":32,"column":8},"end":{"line":32,"column":32}},"7":{"start":{"line":33,"column":8},"end":{"line":37,"column":9}},"8":{"start":{"line":33,"column":21},"end":{"line":33,"column":22}},"9":{"start":{"line":34,"column":22},"end":{"line":34,"column":56}},"10":{"start":{"line":35,"column":12},"end":{"line":35,"column":30}},"11":{"start":{"line":36,"column":12},"end":{"line":36,"column":41}},"12":{"start":{"line":43,"column":8},"end":{"line":50,"column":9}},"13":{"start":{"line":44,"column":12},"end":{"line":44,"column":36}},"14":{"start":{"line":47,"column":12},"end":{"line":49,"column":13}},"15":{"start":{"line":48,"column":16},"end":{"line":48,"column":96}},"16":{"start":{"line":58,"column":8},"end":{"line":58,"column":26}},"17":{"start":{"line":61,"column":8},"end":{"line":63,"column":9}},"18":{"start":{"line":61,"column":34},"end":{"line":61,"column":35}},"19":{"start":{"line":62,"column":12},"end":{"line":62,"column":46}},"20":{"start":{"line":66,"column":18},"end":{"line":66,"column":52}},"21":{"start":{"line":67,"column":8},"end":{"line":67,"column":26}},"22":{"start":{"line":68,"column":8},"end":{"line":68,"column":37}},"23":{"start":{"line":76,"column":8},"end":{"line":76,"column":26}},"24":{"start":{"line":79,"column":8},"end":{"line":81,"column":9}},"25":{"start":{"line":79,"column":34},"end":{"line":79,"column":35}},"26":{"start":{"line":80,"column":12},"end":{"line":80,"column":44}},"27":{"start":{"line":84,"column":8},"end":{"line":84,"column":33}},"28":{"start":{"line":90,"column":8},"end":{"line":90,"column":31}},"29":{"start":{"line":96,"column":8},"end":{"line":96,"column":28}},"30":{"start":{"line":101,"column":8},"end":{"line":101,"column":34}},"31":{"start":{"line":109,"column":8},"end":{"line":121,"column":9}},"32":{"start":{"line":112,"column":12},"end":{"line":112,"column":68}},"33":{"start":{"line":113,"column":12},"end":{"line":113,"column":27}},"34":{"start":{"line":120,"column":12},"end":{"line":120,"column":68}},"35":{"start":{"line":129,"column":8},"end":{"line":134,"column":9}},"36":{"start":{"line":132,"column":12},"end":{"line":132,"column":59}},"37":{"start":{"line":133,"column":12},"end":{"line":133,"column":27}},"38":{"start":{"line":142,"column":8},"end":{"line":148,"column":9}},"39":{"start":{"line":143,"column":12},"end":{"line":143,"column":24}},"40":{"start":{"line":147,"column":12},"end":{"line":147,"column":25}},"41":{"start":{"line":156,"column":8},"end":{"line":162,"column":9}},"42":{"start":{"line":157,"column":12},"end":{"line":157,"column":46}},"43":{"start":{"line":161,"column":12},"end":{"line":161,"column":21}},"44":{"start":{"line":170,"column":41},"end":{"line":170,"column":43}},"45":{"start":{"line":171,"column":34},"end":{"line":171,"column":35}},"46":{"start":{"line":174,"column":8},"end":{"line":178,"column":9}},"47":{"start":{"line":175,"column":12},"end":{"line":177,"column":13}},"48":{"start":{"line":176,"column":16},"end":{"line":176,"column":44}},"49":{"start":{"line":181,"column":8},"end":{"line":181,"column":26}},"50":{"start":{"line":189,"column":43},"end":{"line":189,"column":45}},"51":{"start":{"line":190,"column":34},"end":{"line":190,"column":35}},"52":{"start":{"line":193,"column":8},"end":{"line":197,"column":9}},"53":{"start":{"line":194,"column":12},"end":{"line":196,"column":13}},"54":{"start":{"line":195,"column":16},"end":{"line":195,"column":46}},"55":{"start":{"line":200,"column":8},"end":{"line":200,"column":28}},"56":{"start":{"line":208,"column":41},"end":{"line":208,"column":70}},"57":{"start":{"line":209,"column":43},"end":{"line":209,"column":74}},"58":{"start":{"line":210,"column":37},"end":{"line":210,"column":47}},"59":{"start":{"line":215,"column":8},"end":{"line":229,"column":9}},"60":{"start":{"line":218,"column":12},"end":{"line":218,"column":28}},"61":{"start":{"line":219,"column":12},"end":{"line":223,"column":13}},"62":{"start":{"line":220,"column":16},"end":{"line":222,"column":17}},"63":{"start":{"line":221,"column":20},"end":{"line":221,"column":35}},"64":{"start":{"line":226,"column":12},"end":{"line":228,"column":13}},"65":{"start":{"line":227,"column":16},"end":{"line":227,"column":45}},"66":{"start":{"line":232,"column":8},"end":{"line":232,"column":22}},"67":{"start":{"line":241,"column":36},"end":{"line":241,"column":38}},"68":{"start":{"line":246,"column":8},"end":{"line":246,"column":39}},"69":{"start":{"line":249,"column":8},"end":{"line":249,"column":33}},"70":{"start":{"line":252,"column":8},"end":{"line":252,"column":77}},"71":{"start":{"line":255,"column":8},"end":{"line":263,"column":9}},"72":{"start":{"line":256,"column":12},"end":{"line":262,"column":13}},"73":{"start":{"line":259,"column":16},"end":{"line":261,"column":17}},"74":{"start":{"line":260,"column":20},"end":{"line":260,"column":93}},"75":{"start":{"line":265,"column":8},"end":{"line":265,"column":23}},"76":{"start":{"line":268,"column":8},"end":{"line":268,"column":21}}},"fnMap":{"0":{"name":"(anonymous_0)","decl":{"start":{"line":15,"column":4},"end":{"line":15,"column":5}},"loc":{"start":{"line":15,"column":30},"end":{"line":18,"column":5}},"line":15},"1":{"name":"(anonymous_1)","decl":{"start":{"line":22,"column":4},"end":{"line":22,"column":5}},"loc":{"start":{"line":22,"column":44},"end":{"line":51,"column":5}},"line":22},"2":{"name":"(anonymous_2)","decl":{"start":{"line":55,"column":4},"end":{"line":55,"column":5}},"loc":{"start":{"line":55,"column":33},"end":{"line":69,"column":5}},"line":55},"3":{"name":"(anonymous_3)","decl":{"start":{"line":73,"column":4},"end":{"line":73,"column":5}},"loc":{"start":{"line":73,"column":33},"end":{"line":85,"column":5}},"line":73},"4":{"name":"(anonymous_4)","decl":{"start":{"line":89,"column":4},"end":{"line":89,"column":5}},"loc":{"start":{"line":89,"column":35},"end":{"line":91,"column":5}},"line":89},"5":{"name":"(anonymous_5)","decl":{"start":{"line":95,"column":4},"end":{"line":95,"column":5}},"loc":{"start":{"line":95,"column":32},"end":{"line":97,"column":5}},"line":95},"6":{"name":"(anonymous_6)","decl":{"start":{"line":100,"column":5},"end":{"line":100,"column":6}},"loc":{"start":{"line":100,"column":53},"end":{"line":102,"column":5}},"line":100},"7":{"name":"(anonymous_7)","decl":{"start":{"line":106,"column":4},"end":{"line":106,"column":5}},"loc":{"start":{"line":106,"column":46},"end":{"line":122,"column":5}},"line":106},"8":{"name":"(anonymous_8)","decl":{"start":{"line":126,"column":4},"end":{"line":126,"column":5}},"loc":{"start":{"line":126,"column":48},"end":{"line":135,"column":5}},"line":126},"9":{"name":"(anonymous_9)","decl":{"start":{"line":139,"column":4},"end":{"line":139,"column":5}},"loc":{"start":{"line":139,"column":54},"end":{"line":149,"column":5}},"line":139},"10":{"name":"(anonymous_10)","decl":{"start":{"line":153,"column":4},"end":{"line":153,"column":5}},"loc":{"start":{"line":153,"column":54},"end":{"line":163,"column":5}},"line":153},"11":{"name":"(anonymous_11)","decl":{"start":{"line":167,"column":4},"end":{"line":167,"column":5}},"loc":{"start":{"line":167,"column":60},"end":{"line":182,"column":5}},"line":167},"12":{"name":"(anonymous_12)","decl":{"start":{"line":186,"column":4},"end":{"line":186,"column":5}},"loc":{"start":{"line":186,"column":62},"end":{"line":201,"column":5}},"line":186},"13":{"name":"(anonymous_13)","decl":{"start":{"line":205,"column":4},"end":{"line":205,"column":5}},"loc":{"start":{"line":205,"column":56},"end":{"line":233,"column":5}},"line":205},"14":{"name":"(anonymous_14)","decl":{"start":{"line":237,"column":4},"end":{"line":237,"column":5}},"loc":{"start":{"line":237,"column":58},"end":{"line":269,"column":5}},"line":237}},"branchMap":{"0":{"loc":{"start":{"line":47,"column":12},"end":{"line":49,"column":13}},"type":"if","locations":[{"start":{"line":47,"column":12},"end":{"line":49,"column":13}},{"start":{},"end":{}}],"line":47},"1":{"loc":{"start":{"line":109,"column":8},"end":{"line":121,"column":9}},"type":"if","locations":[{"start":{"line":109,"column":8},"end":{"line":121,"column":9}},{"start":{"line":117,"column":12},"end":{"line":121,"column":9}}],"line":109},"2":{"loc":{"start":{"line":129,"column":8},"end":{"line":134,"column":9}},"type":"if","locations":[{"start":{"line":129,"column":8},"end":{"line":134,"column":9}},{"start":{},"end":{}}],"line":129},"3":{"loc":{"start":{"line":142,"column":8},"end":{"line":148,"column":9}},"type":"if","locations":[{"start":{"line":142,"column":8},"end":{"line":148,"column":9}},{"start":{"line":146,"column":12},"end":{"line":148,"column":9}}],"line":142},"4":{"loc":{"start":{"line":156,"column":8},"end":{"line":162,"column":9}},"type":"if","locations":[{"start":{"line":156,"column":8},"end":{"line":162,"column":9}},{"start":{"line":160,"column":12},"end":{"line":162,"column":9}}],"line":156},"5":{"loc":{"start":{"line":175,"column":12},"end":{"line":177,"column":13}},"type":"if","locations":[{"start":{"line":175,"column":12},"end":{"line":177,"column":13}},{"start":{},"end":{}}],"line":175},"6":{"loc":{"start":{"line":194,"column":12},"end":{"line":196,"column":13}},"type":"if","locations":[{"start":{"line":194,"column":12},"end":{"line":196,"column":13}},{"start":{},"end":{}}],"line":194},"7":{"loc":{"start":{"line":220,"column":16},"end":{"line":222,"column":17}},"type":"if","locations":[{"start":{"line":220,"column":16},"end":{"line":222,"column":17}},{"start":{},"end":{}}],"line":220},"8":{"loc":{"start":{"line":226,"column":12},"end":{"line":228,"column":13}},"type":"if","locations":[{"start":{"line":226,"column":12},"end":{"line":228,"column":13}},{"start":{},"end":{}}],"line":226},"9":{"loc":{"start":{"line":259,"column":16},"end":{"line":261,"column":17}},"type":"if","locations":[{"start":{"line":259,"column":16},"end":{"line":261,"column":17}},{"start":{},"end":{}}],"line":259}},"s":{"0":5,"1":5,"2":5,"3":18,"4":18,"5":18,"6":18,"7":18,"8":18,"9":126,"10":126,"11":126,"12":18,"13":198,"14":198,"15":198,"16":2,"17":2,"18":2,"19":14,"20":2,"21":2,"22":2,"23":2,"24":2,"25":2,"26":12,"27":2,"28":5,"29":3,"30":5,"31":3,"32":2,"33":2,"34":1,"35":1,"36":1,"37":1,"38":1803,"39":530,"40":1273,"41":142,"42":141,"43":1,"44":57,"45":57,"46":57,"47":399,"48":94,"49":57,"50":144,"51":144,"52":144,"53":1008,"54":281,"55":144,"56":3,"57":3,"58":3,"59":3,"60":4,"61":4,"62":4,"63":0,"64":4,"65":4,"66":3,"67":1,"68":1,"69":1,"70":1,"71":1,"72":7,"73":49,"74":11,"75":1,"76":1},"f":{"0":5,"1":18,"2":2,"3":2,"4":5,"5":3,"6":5,"7":3,"8":1,"9":1803,"10":142,"11":57,"12":144,"13":3,"14":1},"b":{"0":[198,0],"1":[2,1],"2":[1,0],"3":[530,1273],"4":[141,1],"5":[94,305],"6":[281,727],"7":[0,4],"8":[4,0],"9":[11,38]},"_coverageSchema":"1a1c01bbd47fc00a2c39e90264f33305004495a9","hash":"c55bbd2fdb88e39e0398e6ec4348af6ab8de57e3"}
,"/home/fofana36u/sae202/src/metier/dossierMatrice/ResultatMatrice.ts": {"path":"/home/fofana36u/sae202/src/metier/dossierMatrice/ResultatMatrice.ts","statementMap":{"0":{"start":{"line":16,"column":8},"end":{"line":16,"column":69}},"1":{"start":{"line":22,"column":8},"end":{"line":53,"column":9}},"2":{"start":{"line":24,"column":12},"end":{"line":48,"column":13}},"3":{"start":{"line":25,"column":16},"end":{"line":25,"column":117}},"4":{"start":{"line":31,"column":16},"end":{"line":47,"column":17}},"5":{"start":{"line":32,"column":20},"end":{"line":32,"column":84}},"6":{"start":{"line":39,"column":20},"end":{"line":46,"column":21}},"7":{"start":{"line":40,"column":24},"end":{"line":40,"column":58}},"8":{"start":{"line":45,"column":24},"end":{"line":45,"column":101}},"9":{"start":{"line":52,"column":12},"end":{"line":52,"column":31}},"10":{"start":{"line":61,"column":8},"end":{"line":83,"column":9}},"11":{"start":{"line":62,"column":12},"end":{"line":62,"column":25}},"12":{"start":{"line":66,"column":13},"end":{"line":83,"column":9}},"13":{"start":{"line":67,"column":12},"end":{"line":67,"column":24}},"14":{"start":{"line":72,"column":12},"end":{"line":79,"column":13}},"15":{"start":{"line":72,"column":42},"end":{"line":72,"column":43}},"16":{"start":{"line":76,"column":16},"end":{"line":78,"column":17}},"17":{"start":{"line":77,"column":20},"end":{"line":77,"column":32}},"18":{"start":{"line":82,"column":12},"end":{"line":82,"column":25}},"19":{"start":{"line":89,"column":8},"end":{"line":89,"column":69}},"20":{"start":{"line":97,"column":8},"end":{"line":97,"column":55}},"21":{"start":{"line":100,"column":38},"end":{"line":100,"column":40}},"22":{"start":{"line":101,"column":8},"end":{"line":109,"column":9}},"23":{"start":{"line":101,"column":36},"end":{"line":101,"column":37}},"24":{"start":{"line":102,"column":12},"end":{"line":108,"column":13}},"25":{"start":{"line":103,"column":16},"end":{"line":103,"column":128}},"26":{"start":{"line":107,"column":16},"end":{"line":107,"column":192}},"27":{"start":{"line":110,"column":8},"end":{"line":110,"column":36}}},"fnMap":{"0":{"name":"(anonymous_0)","decl":{"start":{"line":15,"column":4},"end":{"line":15,"column":5}},"loc":{"start":{"line":15,"column":76},"end":{"line":17,"column":5}},"line":15},"1":{"name":"(anonymous_1)","decl":{"start":{"line":21,"column":4},"end":{"line":21,"column":5}},"loc":{"start":{"line":21,"column":35},"end":{"line":54,"column":5}},"line":21},"2":{"name":"(anonymous_2)","decl":{"start":{"line":58,"column":4},"end":{"line":58,"column":5}},"loc":{"start":{"line":58,"column":91},"end":{"line":84,"column":5}},"line":58},"3":{"name":"(anonymous_3)","decl":{"start":{"line":88,"column":4},"end":{"line":88,"column":5}},"loc":{"start":{"line":88,"column":82},"end":{"line":90,"column":5}},"line":88},"4":{"name":"(anonymous_4)","decl":{"start":{"line":94,"column":4},"end":{"line":94,"column":5}},"loc":{"start":{"line":94,"column":36},"end":{"line":111,"column":5}},"line":94}},"branchMap":{"0":{"loc":{"start":{"line":24,"column":12},"end":{"line":48,"column":13}},"type":"if","locations":[{"start":{"line":24,"column":12},"end":{"line":48,"column":13}},{"start":{"line":29,"column":16},"end":{"line":48,"column":13}}],"line":24},"1":{"loc":{"start":{"line":31,"column":16},"end":{"line":47,"column":17}},"type":"if","locations":[{"start":{"line":31,"column":16},"end":{"line":47,"column":17}},{"start":{"line":36,"column":20},"end":{"line":47,"column":17}}],"line":31},"2":{"loc":{"start":{"line":39,"column":20},"end":{"line":46,"column":21}},"type":"if","locations":[{"start":{"line":39,"column":20},"end":{"line":46,"column":21}},{"start":{"line":44,"column":24},"end":{"line":46,"column":21}}],"line":39},"3":{"loc":{"start":{"line":61,"column":8},"end":{"line":83,"column":9}},"type":"if","locations":[{"start":{"line":61,"column":8},"end":{"line":83,"column":9}},{"start":{"line":66,"column":13},"end":{"line":83,"column":9}}],"line":61},"4":{"loc":{"start":{"line":66,"column":13},"end":{"line":83,"column":9}},"type":"if","locations":[{"start":{"line":66,"column":13},"end":{"line":83,"column":9}},{"start":{"line":71,"column":12},"end":{"line":83,"column":9}}],"line":66},"5":{"loc":{"start":{"line":76,"column":16},"end":{"line":78,"column":17}},"type":"if","locations":[{"start":{"line":76,"column":16},"end":{"line":78,"column":17}},{"start":{},"end":{}}],"line":76},"6":{"loc":{"start":{"line":88,"column":38},"end":{"line":88,"column":57}},"type":"default-arg","locations":[{"start":{"line":88,"column":56},"end":{"line":88,"column":57}}],"line":88},"7":{"loc":{"start":{"line":88,"column":59},"end":{"line":88,"column":81}},"type":"default-arg","locations":[{"start":{"line":88,"column":80},"end":{"line":88,"column":81}}],"line":88},"8":{"loc":{"start":{"line":102,"column":12},"end":{"line":108,"column":13}},"type":"if","locations":[{"start":{"line":102,"column":12},"end":{"line":108,"column":13}},{"start":{"line":106,"column":16},"end":{"line":108,"column":13}}],"line":102}},"s":{"0":1,"1":1,"2":1,"3":0,"4":1,"5":0,"6":1,"7":1,"8":0,"9":0,"10":6,"11":0,"12":6,"13":2,"14":4,"15":4,"16":4,"17":4,"18":0,"19":1,"20":1,"21":1,"22":1,"23":1,"24":7,"25":1,"26":6,"27":1},"f":{"0":1,"1":1,"2":6,"3":1,"4":1},"b":{"0":[0,1],"1":[0,1],"2":[1,0],"3":[0,6],"4":[2,4],"5":[4,0],"6":[0],"7":[0],"8":[1,6]},"_coverageSchema":"1a1c01bbd47fc00a2c39e90264f33305004495a9","hash":"035f3e2dc4923eaa6668acd57fc4a4d0bc02209a"}
}
