TN:
SF:src/metier/dossierListe/classes/Bordure.ts
FN:6,(anonymous_0)
FN:10,(anonymous_1)
FN:14,(anonymous_2)
FN:15,(anonymous_3)
FNF:4
FNH:4
FNDA:2,(anonymous_0)
FNDA:9,(anonymous_1)
FNDA:8,(anonymous_2)
FNDA:12,(anonymous_3)
DA:7,2
DA:11,9
DA:15,12
LF:3
LH:3
BRF:0
BRH:0
end_of_record
TN:
SF:src/metier/dossierListe/classes/GrapheListeAdjacence.ts
FN:11,(anonymous_0)
FN:17,(anonymous_1)
FN:29,(anonymous_2)
FN:30,(anonymous_3)
FN:33,(anonymous_4)
FN:39,(anonymous_5)
FN:48,(anonymous_6)
FN:61,(anonymous_7)
FN:69,(anonymous_8)
FN:73,(anonymous_9)
FN:78,(anonymous_10)
FN:88,(anonymous_11)
FN:97,(anonymous_12)
FN:125,(anonymous_13)
FNF:14
FNH:14
FNDA:1,(anonymous_0)
FNDA:1,(anonymous_1)
FNDA:28,(anonymous_2)
FNDA:77,(anonymous_3)
FNDA:55,(anonymous_4)
FNDA:1,(anonymous_5)
FNDA:1,(anonymous_6)
FNDA:2,(anonymous_7)
FNDA:9,(anonymous_8)
FNDA:2,(anonymous_9)
FNDA:20,(anonymous_10)
FNDA:1,(anonymous_11)
FNDA:1,(anonymous_12)
FNDA:1,(anonymous_13)
DA:8,1
DA:12,1
DA:13,1
DA:14,1
DA:18,1
DA:19,7
DA:22,1
DA:24,1
DA:28,1
DA:29,28
DA:30,77
DA:32,7
DA:33,55
DA:34,11
DA:40,1
DA:45,1
DA:50,1
DA:53,1
DA:54,7
DA:55,7
DA:58,1
DA:62,2
DA:63,2
DA:64,14
DA:66,2
DA:70,9
DA:74,2
DA:76,2
DA:77,14
DA:78,20
DA:80,14
DA:81,3
DA:85,2
DA:89,1
DA:98,1
DA:99,1
DA:103,1
DA:104,1
DA:106,1
DA:107,7
DA:108,11
DA:112,1
DA:113,11
DA:114,11
DA:118,1
DA:119,1
DA:120,1
DA:129,1
DA:130,1
DA:131,1
DA:133,1
DA:136,7
DA:137,7
DA:141,7
DA:143,7
DA:145,0
DA:146,0
DA:147,0
DA:148,0
DA:149,0
DA:153,0
DA:154,0
DA:160,7
DA:161,11
DA:162,11
DA:163,8
DA:164,8
DA:168,8
DA:169,6
DA:179,1
DA:180,1
DA:182,1
DA:183,7
DA:184,7
DA:189,1
DA:190,1
DA:191,1
LF:77
LH:70
BRDA:80,0,0,3
BRDA:80,0,1,11
BRDA:125,1,0,1
BRDA:143,2,0,0
BRDA:143,2,1,7
BRDA:147,3,0,0
BRDA:147,3,1,0
BRDA:153,4,0,0
BRDA:153,4,1,0
BRDA:162,5,0,8
BRDA:162,5,1,3
BRDA:168,6,0,6
BRDA:168,6,1,2
BRDA:183,7,0,6
BRDA:183,7,1,1
BRDA:183,8,0,6
BRDA:183,8,1,1
BRDA:184,9,0,6
BRDA:184,9,1,1
BRF:19
BRH:14
end_of_record
TN:
SF:src/metier/dossierListe/classes/Sommet.ts
FN:8,(anonymous_0)
FN:16,(anonymous_1)
FN:23,(anonymous_2)
FN:31,(anonymous_3)
FN:41,(anonymous_4)
FNF:5
FNH:5
FNDA:14,(anonymous_0)
FNDA:13,(anonymous_1)
FNDA:15,(anonymous_2)
FNDA:59,(anonymous_3)
FNDA:30,(anonymous_4)
DA:3,14
DA:4,14
DA:9,14
DA:10,14
DA:11,14
DA:17,13
DA:18,13
DA:19,13
DA:24,15
DA:25,1
DA:26,1
DA:27,1
DA:32,59
DA:33,59
DA:34,85
DA:35,30
DA:38,59
DA:42,30
DA:43,29
DA:44,1
LF:20
LH:20
BRDA:17,0,0,13
BRDA:17,0,1,0
BRDA:24,1,0,1
BRDA:24,1,1,14
BRDA:34,2,0,30
BRDA:34,2,1,55
BRDA:42,3,0,29
BRDA:42,3,1,1
BRF:8
BRH:7
end_of_record
TN:
SF:src/metier/dossierListe/classes/gestionFichierListe.ts
FN:8,(anonymous_0)
FN:13,(anonymous_1)
FN:18,(anonymous_2)
FNF:3
FNH:3
FNDA:3,(anonymous_0)
FNDA:2,(anonymous_1)
FNDA:2,(anonymous_2)
DA:5,4
DA:6,4
DA:9,3
DA:14,2
DA:19,2
DA:20,2
DA:21,2
DA:22,14
DA:24,2
DA:25,2
DA:26,2
DA:29,12
DA:30,12
DA:34,2
LF:14
LH:14
BRDA:22,0,0,2
BRDA:22,0,1,12
BRF:2
BRH:2
end_of_record
TN:
SF:src/metier/dossierMatrice/BellmanMatrice.ts
FN:16,(anonymous_0)
FN:24,(anonymous_1)
FN:62,(anonymous_2)
FN:79,(anonymous_3)
FN:94,(anonymous_4)
FN:112,(anonymous_5)
FNF:6
FNH:6
FNDA:2,(anonymous_0)
FNDA:16,(anonymous_1)
FNDA:16,(anonymous_2)
FNDA:70,(anonymous_3)
FNDA:4,(anonymous_4)
FNDA:20,(anonymous_5)
DA:9,2
DA:10,2
DA:17,2
DA:18,2
DA:19,2
DA:27,16
DA:32,16
DA:33,3
DA:40,13
DA:41,13
DA:44,13
DA:47,23
DA:50,18
DA:51,18
DA:56,13
DA:65,16
DA:66,16
DA:69,16
DA:70,3
DA:76,13
DA:79,70
DA:82,25
DA:83,14
DA:88,13
DA:97,4
DA:100,4
DA:101,28
DA:102,3
DA:107,4
DA:115,20
DA:118,3
DA:121,3
DA:125,17
DA:128,3
DA:129,2
DA:134,1
DA:142,14
DA:145,14
DA:148,14
DA:151,14
DA:154,14
DA:157,14
DA:158,2
DA:161,12
DA:165,14
DA:168,14
DA:171,14
LF:47
LH:47
BRDA:16,0,0,0
BRDA:16,1,0,0
BRDA:32,2,0,3
BRDA:32,2,1,13
BRDA:47,3,0,18
BRDA:47,3,1,5
BRDA:69,4,0,3
BRDA:69,4,1,13
BRDA:82,5,0,14
BRDA:82,5,1,11
BRDA:101,6,0,3
BRDA:101,6,1,25
BRDA:115,7,0,3
BRDA:115,7,1,17
BRDA:125,8,0,3
BRDA:125,8,1,14
BRDA:128,9,0,2
BRDA:128,9,1,1
BRDA:157,10,0,2
BRDA:157,10,1,12
BRF:20
BRH:18
end_of_record
TN:
SF:src/metier/dossierMatrice/BordureMatrice.ts
FN:11,(anonymous_0)
FN:27,(anonymous_1)
FN:32,(anonymous_2)
FN:39,(anonymous_3)
FN:52,(anonymous_4)
FN:64,(anonymous_5)
FN:74,(anonymous_6)
FN:87,(anonymous_7)
FN:95,(anonymous_8)
FN:101,(anonymous_9)
FN:105,(anonymous_10)
FNF:11
FNH:11
FNDA:18,(anonymous_0)
FNDA:3,(anonymous_1)
FNDA:8,(anonymous_2)
FNDA:2,(anonymous_3)
FNDA:18,(anonymous_4)
FNDA:14,(anonymous_5)
FNDA:294,(anonymous_6)
FNDA:32,(anonymous_7)
FNDA:16,(anonymous_8)
FNDA:38,(anonymous_9)
FNDA:16,(anonymous_10)
DA:12,18
DA:13,18
DA:23,3
DA:25,3
DA:28,3
DA:33,8
DA:34,8
DA:40,2
DA:41,14
DA:42,12
DA:45,2
DA:53,18
DA:54,3
DA:58,15
DA:67,14
DA:68,14
DA:71,14
DA:74,294
DA:77,56
DA:80,20
DA:81,20
DA:87,32
DA:90,14
DA:98,16
DA:101,38
DA:106,16
DA:107,16
LF:27
LH:27
BRDA:11,0,0,3
BRDA:11,1,0,3
BRDA:41,2,0,12
BRDA:41,2,1,2
BRDA:53,3,0,3
BRDA:53,3,1,15
BRDA:74,4,0,56
BRDA:74,4,1,42
BRDA:77,5,0,20
BRDA:77,5,1,36
BRF:10
BRH:10
end_of_record
TN:
SF:src/metier/dossierMatrice/DijkstraMatrice.ts
FN:16,(anonymous_0)
FN:24,(anonymous_1)
FN:48,(anonymous_2)
FN:77,(anonymous_3)
FNF:4
FNH:4
FNDA:2,(anonymous_0)
FNDA:16,(anonymous_1)
FNDA:30,(anonymous_2)
FNDA:18,(anonymous_3)
DA:10,2
DA:17,2
DA:18,2
DA:19,2
DA:27,16
DA:28,2
DA:35,14
DA:38,14
DA:39,22
DA:40,16
DA:51,30
DA:54,30
DA:55,28
DA:56,44
DA:57,44
DA:64,2
DA:65,4
DA:66,4
DA:72,30
DA:80,18
DA:83,2
DA:86,2
DA:89,2
DA:93,16
DA:94,2
DA:101,14
DA:104,14
DA:107,14
DA:110,14
DA:113,14
LF:30
LH:30
BRDA:16,0,0,0
BRDA:16,1,0,0
BRDA:27,2,0,2
BRDA:27,2,1,14
BRDA:39,3,0,16
BRDA:39,3,1,6
BRDA:54,4,0,28
BRDA:54,4,1,2
BRDA:56,5,0,44
BRDA:56,5,1,0
BRDA:65,6,0,4
BRDA:65,6,1,0
BRDA:80,7,0,2
BRDA:80,7,1,16
BRDA:93,8,0,2
BRDA:93,8,1,14
BRF:16
BRH:12
end_of_record
TN:
SF:src/metier/dossierMatrice/GestionFichierMatrice.ts
FN:13,(anonymous_0)
FN:17,(anonymous_1)
FN:22,(anonymous_2)
FN:36,(anonymous_3)
FN:65,(anonymous_4)
FN:118,(anonymous_5)
FNF:6
FNH:5
FNDA:20,(anonymous_0)
FNDA:20,(anonymous_1)
FNDA:21,(anonymous_2)
FNDA:51,(anonymous_3)
FNDA:27,(anonymous_4)
FNDA:0,(anonymous_5)
DA:14,20
DA:18,20
DA:23,21
DA:26,21
DA:27,0
DA:31,21
DA:39,51
DA:40,51
DA:43,51
DA:46,663
DA:47,51
DA:48,51
DA:49,51
DA:54,612
DA:55,612
DA:60,51
DA:68,27
DA:69,27
DA:72,27
DA:75,27
DA:76,1
DA:80,26
DA:81,2
DA:85,24
DA:86,264
DA:87,0
DA:90,264
DA:91,120
DA:94,24
DA:97,24
DA:98,1
DA:102,23
DA:103,1
DA:107,22
DA:111,5
DA:112,5
DA:121,0
DA:124,0
DA:127,0
DA:128,0
DA:130,0
LF:41
LH:34
BRDA:26,0,0,0
BRDA:26,0,1,21
BRDA:46,1,0,51
BRDA:46,1,1,612
BRDA:75,2,0,1
BRDA:75,2,1,26
BRDA:80,3,0,2
BRDA:80,3,1,24
BRDA:86,4,0,0
BRDA:86,4,1,264
BRDA:90,5,0,120
BRDA:90,5,1,144
BRDA:97,6,0,1
BRDA:97,6,1,23
BRDA:102,7,0,1
BRDA:102,7,1,22
BRF:16
BRH:14
end_of_record
TN:
SF:src/metier/dossierMatrice/MatriceAdjacence.ts
FN:15,(anonymous_0)
FN:22,(anonymous_1)
FN:55,(anonymous_2)
FN:73,(anonymous_3)
FN:89,(anonymous_4)
FN:95,(anonymous_5)
FN:100,(anonymous_6)
FN:106,(anonymous_7)
FN:126,(anonymous_8)
FN:139,(anonymous_9)
FN:153,(anonymous_10)
FN:167,(anonymous_11)
FN:186,(anonymous_12)
FN:205,(anonymous_13)
FN:237,(anonymous_14)
FNF:15
FNH:15
FNDA:5,(anonymous_0)
FNDA:18,(anonymous_1)
FNDA:2,(anonymous_2)
FNDA:2,(anonymous_3)
FNDA:5,(anonymous_4)
FNDA:3,(anonymous_5)
FNDA:5,(anonymous_6)
FNDA:3,(anonymous_7)
FNDA:1,(anonymous_8)
FNDA:1803,(anonymous_9)
FNDA:142,(anonymous_10)
FNDA:57,(anonymous_11)
FNDA:144,(anonymous_12)
FNDA:3,(anonymous_13)
FNDA:1,(anonymous_14)
DA:11,5
DA:16,5
DA:17,5
DA:25,18
DA:28,18
DA:29,18
DA:32,18
DA:33,18
DA:34,126
DA:35,126
DA:36,126
DA:43,18
DA:44,198
DA:47,198
DA:48,198
DA:58,2
DA:61,2
DA:62,14
DA:66,2
DA:67,2
DA:68,2
DA:76,2
DA:79,2
DA:80,12
DA:84,2
DA:90,5
DA:96,3
DA:101,5
DA:109,3
DA:112,2
DA:113,2
DA:120,1
DA:129,1
DA:132,1
DA:133,1
DA:142,1803
DA:143,530
DA:147,1273
DA:156,142
DA:157,141
DA:161,1
DA:170,57
DA:171,57
DA:174,57
DA:175,399
DA:176,94
DA:181,57
DA:189,144
DA:190,144
DA:193,144
DA:194,1008
DA:195,281
DA:200,144
DA:208,3
DA:209,3
DA:210,3
DA:215,3
DA:218,4
DA:219,4
DA:220,4
DA:221,0
DA:226,4
DA:227,4
DA:232,3
DA:241,1
DA:246,1
DA:249,1
DA:252,1
DA:255,1
DA:256,7
DA:259,49
DA:260,11
DA:265,1
DA:268,1
LF:74
LH:73
BRDA:47,0,0,198
BRDA:47,0,1,0
BRDA:109,1,0,2
BRDA:109,1,1,1
BRDA:129,2,0,1
BRDA:129,2,1,0
BRDA:142,3,0,530
BRDA:142,3,1,1273
BRDA:156,4,0,141
BRDA:156,4,1,1
BRDA:175,5,0,94
BRDA:175,5,1,305
BRDA:194,6,0,281
BRDA:194,6,1,727
BRDA:220,7,0,0
BRDA:220,7,1,4
BRDA:226,8,0,4
BRDA:226,8,1,0
BRDA:259,9,0,11
BRDA:259,9,1,38
BRF:20
BRH:16
end_of_record
TN:
SF:src/metier/dossierMatrice/ResultatMatrice.ts
FN:15,(anonymous_0)
FN:21,(anonymous_1)
FN:58,(anonymous_2)
FN:88,(anonymous_3)
FN:94,(anonymous_4)
FNF:5
FNH:5
FNDA:1,(anonymous_0)
FNDA:1,(anonymous_1)
FNDA:6,(anonymous_2)
FNDA:1,(anonymous_3)
FNDA:1,(anonymous_4)
DA:16,1
DA:22,1
DA:24,1
DA:25,0
DA:31,1
DA:32,0
DA:39,1
DA:40,1
DA:45,0
DA:52,0
DA:61,6
DA:62,0
DA:66,6
DA:67,2
DA:72,4
DA:76,4
DA:77,4
DA:82,0
DA:89,1
DA:97,1
DA:100,1
DA:101,1
DA:102,7
DA:103,1
DA:107,6
DA:110,1
LF:26
LH:20
BRDA:24,0,0,0
BRDA:24,0,1,1
BRDA:31,1,0,0
BRDA:31,1,1,1
BRDA:39,2,0,1
BRDA:39,2,1,0
BRDA:61,3,0,0
BRDA:61,3,1,6
BRDA:66,4,0,2
BRDA:66,4,1,4
BRDA:76,5,0,4
BRDA:76,5,1,0
BRDA:88,6,0,0
BRDA:88,7,0,0
BRDA:102,8,0,1
BRDA:102,8,1,6
BRF:16
BRH:9
end_of_record
