TN:
SF:src/metier/dossierListe/classes/Bordure.ts
FN:6,(anonymous_0)
FN:10,(anonymous_1)
FN:14,(anonymous_2)
FN:15,(anonymous_3)
FNF:4
FNH:4
FNDA:2,(anonymous_0)
FNDA:9,(anonymous_1)
FNDA:8,(anonymous_2)
FNDA:12,(anonymous_3)
DA:7,2
DA:11,9
DA:15,12
LF:3
LH:3
BRF:0
BRH:0
end_of_record
TN:
SF:src/metier/dossierListe/classes/GrapheListeAdjacence.ts
FN:11,(anonymous_0)
FN:17,(anonymous_1)
FN:29,(anonymous_2)
FN:30,(anonymous_3)
FN:33,(anonymous_4)
FN:39,(anonymous_5)
FN:48,(anonymous_6)
FN:61,(anonymous_7)
FN:69,(anonymous_8)
FN:73,(anonymous_9)
FN:78,(anonymous_10)
FN:88,(anonymous_11)
FN:97,(anonymous_12)
FN:125,(anonymous_13)
FNF:14
FNH:14
FNDA:1,(anonymous_0)
FNDA:1,(anonymous_1)
FNDA:28,(anonymous_2)
FNDA:77,(anonymous_3)
FNDA:55,(anonymous_4)
FNDA:1,(anonymous_5)
FNDA:1,(anonymous_6)
FNDA:2,(anonymous_7)
FNDA:9,(anonymous_8)
FNDA:2,(anonymous_9)
FNDA:20,(anonymous_10)
FNDA:1,(anonymous_11)
FNDA:1,(anonymous_12)
FNDA:1,(anonymous_13)
DA:8,1
DA:12,1
DA:13,1
DA:14,1
DA:18,1
DA:19,7
DA:22,1
DA:24,1
DA:28,1
DA:29,28
DA:30,77
DA:32,7
DA:33,55
DA:34,11
DA:40,1
DA:45,1
DA:50,1
DA:53,1
DA:54,7
DA:55,7
DA:58,1
DA:62,2
DA:63,2
DA:64,14
DA:66,2
DA:70,9
DA:74,2
DA:76,2
DA:77,14
DA:78,20
DA:80,14
DA:81,3
DA:85,2
DA:89,1
DA:98,1
DA:99,1
DA:103,1
DA:104,1
DA:106,1
DA:107,7
DA:108,11
DA:112,1
DA:113,11
DA:114,11
DA:118,1
DA:119,1
DA:120,1
DA:129,1
DA:130,1
DA:131,1
DA:133,1
DA:136,7
DA:137,7
DA:141,7
DA:143,7
DA:145,0
DA:146,0
DA:147,0
DA:148,0
DA:149,0
DA:153,0
DA:154,0
DA:160,7
DA:161,11
DA:162,11
DA:163,8
DA:164,8
DA:168,8
DA:169,6
DA:179,1
DA:180,1
DA:182,1
DA:183,7
DA:184,7
DA:189,1
DA:190,1
DA:191,1
LF:77
LH:70
BRDA:80,0,0,3
BRDA:80,0,1,11
BRDA:125,1,0,1
BRDA:143,2,0,0
BRDA:143,2,1,7
BRDA:147,3,0,0
BRDA:147,3,1,0
BRDA:153,4,0,0
BRDA:153,4,1,0
BRDA:162,5,0,8
BRDA:162,5,1,3
BRDA:168,6,0,6
BRDA:168,6,1,2
BRDA:183,7,0,6
BRDA:183,7,1,1
BRDA:183,8,0,6
BRDA:183,8,1,1
BRDA:184,9,0,6
BRDA:184,9,1,1
BRF:19
BRH:14
end_of_record
TN:
SF:src/metier/dossierListe/classes/Sommet.ts
FN:8,(anonymous_0)
FN:16,(anonymous_1)
FN:23,(anonymous_2)
FN:31,(anonymous_3)
FN:41,(anonymous_4)
FNF:5
FNH:5
FNDA:14,(anonymous_0)
FNDA:13,(anonymous_1)
FNDA:15,(anonymous_2)
FNDA:59,(anonymous_3)
FNDA:30,(anonymous_4)
DA:3,14
DA:4,14
DA:9,14
DA:10,14
DA:11,14
DA:17,13
DA:18,13
DA:19,13
DA:24,15
DA:25,1
DA:26,1
DA:27,1
DA:32,59
DA:33,59
DA:34,85
DA:35,30
DA:38,59
DA:42,30
DA:43,29
DA:44,1
LF:20
LH:20
BRDA:17,0,0,13
BRDA:17,0,1,0
BRDA:24,1,0,1
BRDA:24,1,1,14
BRDA:34,2,0,30
BRDA:34,2,1,55
BRDA:42,3,0,29
BRDA:42,3,1,1
BRF:8
BRH:7
end_of_record
TN:
SF:src/metier/dossierListe/classes/gestionFichierListe.ts
FN:8,(anonymous_0)
FN:13,(anonymous_1)
FN:18,(anonymous_2)
FNF:3
FNH:3
FNDA:3,(anonymous_0)
FNDA:2,(anonymous_1)
FNDA:2,(anonymous_2)
DA:5,4
DA:6,4
DA:9,3
DA:14,2
DA:19,2
DA:20,2
DA:21,2
DA:22,14
DA:24,2
DA:25,2
DA:26,2
DA:29,12
DA:30,12
DA:34,2
LF:14
LH:14
BRDA:22,0,0,2
BRDA:22,0,1,12
BRF:2
BRH:2
end_of_record
TN:
SF:src/metier/dossierMatrice/BellmanMatrice.ts
FN:16,(anonymous_0)
FN:24,(anonymous_1)
FN:62,(anonymous_2)
FN:79,(anonymous_3)
FN:94,(anonymous_4)
FN:112,(anonymous_5)
FNF:6
FNH:6
FNDA:1,(anonymous_0)
FNDA:9,(anonymous_1)
FNDA:9,(anonymous_2)
FNDA:38,(anonymous_3)
FNDA:3,(anonymous_4)
FNDA:11,(anonymous_5)
DA:9,1
DA:10,1
DA:17,1
DA:18,1
DA:19,1
DA:27,9
DA:32,9
DA:33,2
DA:40,7
DA:41,7
DA:44,7
DA:47,12
DA:50,9
DA:51,9
DA:56,7
DA:65,9
DA:66,9
DA:69,9
DA:70,2
DA:76,7
DA:79,38
DA:82,14
DA:83,8
DA:88,7
DA:97,3
DA:100,3
DA:101,21
DA:102,2
DA:107,3
DA:115,11
DA:118,2
DA:121,2
DA:125,9
DA:128,2
DA:129,1
DA:134,1
DA:142,7
DA:145,7
DA:148,7
DA:151,7
DA:154,7
DA:157,7
DA:158,1
DA:161,6
DA:165,7
DA:168,7
DA:171,7
LF:47
LH:47
BRDA:16,0,0,0
BRDA:16,1,0,0
BRDA:32,2,0,2
BRDA:32,2,1,7
BRDA:47,3,0,9
BRDA:47,3,1,3
BRDA:69,4,0,2
BRDA:69,4,1,7
BRDA:82,5,0,8
BRDA:82,5,1,6
BRDA:101,6,0,2
BRDA:101,6,1,19
BRDA:115,7,0,2
BRDA:115,7,1,9
BRDA:125,8,0,2
BRDA:125,8,1,7
BRDA:128,9,0,1
BRDA:128,9,1,1
BRDA:157,10,0,1
BRDA:157,10,1,6
BRF:20
BRH:18
end_of_record
TN:
SF:src/metier/dossierMatrice/BordureMatrice.ts
FN:11,(anonymous_0)
FN:27,(anonymous_1)
FN:32,(anonymous_2)
FN:39,(anonymous_3)
FN:52,(anonymous_4)
FN:64,(anonymous_5)
FN:74,(anonymous_6)
FN:87,(anonymous_7)
FN:95,(anonymous_8)
FN:101,(anonymous_9)
FN:105,(anonymous_10)
FNF:11
FNH:11
FNDA:10,(anonymous_0)
FNDA:3,(anonymous_1)
FNDA:7,(anonymous_2)
FNDA:1,(anonymous_3)
FNDA:10,(anonymous_4)
FNDA:7,(anonymous_5)
FNDA:147,(anonymous_6)
FNDA:16,(anonymous_7)
FNDA:9,(anonymous_8)
FNDA:23,(anonymous_9)
FNDA:8,(anonymous_10)
DA:12,10
DA:13,10
DA:23,2
DA:25,2
DA:28,3
DA:33,7
DA:34,7
DA:40,1
DA:41,7
DA:42,6
DA:45,1
DA:53,10
DA:54,2
DA:58,8
DA:67,7
DA:68,7
DA:71,7
DA:74,147
DA:77,28
DA:80,10
DA:81,10
DA:87,16
DA:90,7
DA:98,9
DA:101,23
DA:106,8
DA:107,8
LF:27
LH:27
BRDA:11,0,0,2
BRDA:11,1,0,2
BRDA:41,2,0,6
BRDA:41,2,1,1
BRDA:53,3,0,2
BRDA:53,3,1,8
BRDA:74,4,0,28
BRDA:74,4,1,21
BRDA:77,5,0,10
BRDA:77,5,1,18
BRF:10
BRH:10
end_of_record
TN:
SF:src/metier/dossierMatrice/DijkstraMatrice.ts
FN:16,(anonymous_0)
FN:24,(anonymous_1)
FN:48,(anonymous_2)
FN:77,(anonymous_3)
FNF:4
FNH:4
FNDA:1,(anonymous_0)
FNDA:8,(anonymous_1)
FNDA:15,(anonymous_2)
FNDA:9,(anonymous_3)
DA:10,1
DA:17,1
DA:18,1
DA:19,1
DA:27,8
DA:28,1
DA:35,7
DA:38,7
DA:39,11
DA:40,8
DA:51,15
DA:54,15
DA:55,14
DA:56,22
DA:57,22
DA:64,1
DA:65,2
DA:66,2
DA:72,15
DA:80,9
DA:83,1
DA:86,1
DA:89,1
DA:93,8
DA:94,1
DA:101,7
DA:104,7
DA:107,7
DA:110,7
DA:113,7
LF:30
LH:30
BRDA:16,0,0,0
BRDA:16,1,0,0
BRDA:27,2,0,1
BRDA:27,2,1,7
BRDA:39,3,0,8
BRDA:39,3,1,3
BRDA:54,4,0,14
BRDA:54,4,1,1
BRDA:56,5,0,22
BRDA:56,5,1,0
BRDA:65,6,0,2
BRDA:65,6,1,0
BRDA:80,7,0,1
BRDA:80,7,1,8
BRDA:93,8,0,1
BRDA:93,8,1,7
BRF:16
BRH:12
end_of_record
TN:
SF:src/metier/dossierMatrice/GestionFichierMatrice.ts
FN:13,(anonymous_0)
FN:17,(anonymous_1)
FN:22,(anonymous_2)
FN:36,(anonymous_3)
FN:65,(anonymous_4)
FN:118,(anonymous_5)
FNF:6
FNH:5
FNDA:18,(anonymous_0)
FNDA:18,(anonymous_1)
FNDA:19,(anonymous_2)
FNDA:47,(anonymous_3)
FNDA:25,(anonymous_4)
FNDA:0,(anonymous_5)
DA:8,4
DA:9,4
DA:14,18
DA:18,18
DA:23,19
DA:26,19
DA:27,0
DA:31,19
DA:39,47
DA:40,47
DA:43,47
DA:46,611
DA:47,47
DA:48,47
DA:49,47
DA:54,564
DA:55,564
DA:60,47
DA:68,25
DA:69,25
DA:72,25
DA:75,25
DA:76,1
DA:80,24
DA:81,2
DA:85,22
DA:86,242
DA:87,0
DA:90,242
DA:91,110
DA:94,22
DA:97,22
DA:98,1
DA:102,21
DA:103,1
DA:107,20
DA:111,5
DA:112,5
DA:121,0
DA:124,0
DA:127,0
DA:128,0
DA:130,0
LF:43
LH:36
BRDA:26,0,0,0
BRDA:26,0,1,19
BRDA:46,1,0,47
BRDA:46,1,1,564
BRDA:75,2,0,1
BRDA:75,2,1,24
BRDA:80,3,0,2
BRDA:80,3,1,22
BRDA:86,4,0,0
BRDA:86,4,1,242
BRDA:90,5,0,110
BRDA:90,5,1,132
BRDA:97,6,0,1
BRDA:97,6,1,21
BRDA:102,7,0,1
BRDA:102,7,1,20
BRF:16
BRH:14
end_of_record
TN:
SF:src/metier/dossierMatrice/MatriceAdjacence.ts
FN:14,(anonymous_0)
FN:21,(anonymous_1)
FN:54,(anonymous_2)
FN:72,(anonymous_3)
FN:88,(anonymous_4)
FN:94,(anonymous_5)
FN:99,(anonymous_6)
FN:105,(anonymous_7)
FN:125,(anonymous_8)
FN:138,(anonymous_9)
FN:152,(anonymous_10)
FN:166,(anonymous_11)
FN:185,(anonymous_12)
FN:204,(anonymous_13)
FN:236,(anonymous_14)
FNF:15
FNH:15
FNDA:3,(anonymous_0)
FNDA:16,(anonymous_1)
FNDA:2,(anonymous_2)
FNDA:2,(anonymous_3)
FNDA:5,(anonymous_4)
FNDA:3,(anonymous_5)
FNDA:5,(anonymous_6)
FNDA:3,(anonymous_7)
FNDA:1,(anonymous_8)
FNDA:1123,(anonymous_9)
FNDA:79,(anonymous_10)
FNDA:29,(anonymous_11)
FNDA:87,(anonymous_12)
FNDA:3,(anonymous_13)
FNDA:1,(anonymous_14)
DA:8,3
DA:9,3
DA:10,3
DA:15,3
DA:16,3
DA:24,16
DA:27,16
DA:28,16
DA:31,16
DA:32,16
DA:33,112
DA:34,112
DA:35,112
DA:42,16
DA:43,176
DA:46,176
DA:47,176
DA:57,2
DA:60,2
DA:61,14
DA:65,2
DA:66,2
DA:67,2
DA:75,2
DA:78,2
DA:79,12
DA:83,2
DA:89,5
DA:95,3
DA:100,5
DA:108,3
DA:111,2
DA:112,2
DA:119,1
DA:128,1
DA:131,1
DA:132,1
DA:141,1123
DA:142,298
DA:146,825
DA:155,79
DA:156,78
DA:160,1
DA:169,29
DA:170,29
DA:173,29
DA:174,203
DA:175,43
DA:180,29
DA:188,87
DA:189,87
DA:192,87
DA:193,609
DA:194,163
DA:199,87
DA:207,3
DA:208,3
DA:209,3
DA:214,3
DA:217,4
DA:218,4
DA:219,4
DA:220,0
DA:225,4
DA:226,4
DA:231,3
DA:240,1
DA:245,1
DA:248,1
DA:251,1
DA:254,1
DA:255,7
DA:258,49
DA:259,11
DA:264,1
DA:267,1
LF:76
LH:75
BRDA:46,0,0,176
BRDA:46,0,1,0
BRDA:108,1,0,2
BRDA:108,1,1,1
BRDA:128,2,0,1
BRDA:128,2,1,0
BRDA:141,3,0,298
BRDA:141,3,1,825
BRDA:155,4,0,78
BRDA:155,4,1,1
BRDA:174,5,0,43
BRDA:174,5,1,160
BRDA:193,6,0,163
BRDA:193,6,1,446
BRDA:219,7,0,0
BRDA:219,7,1,4
BRDA:225,8,0,4
BRDA:225,8,1,0
BRDA:258,9,0,11
BRDA:258,9,1,38
BRF:20
BRH:16
end_of_record
