<?xml version="1.0" encoding="UTF-8"?>
<coverage generated="1655284338219" clover="3.2.0">
  <project timestamp="1655284338221" name="All files">
    <metrics statements="42" coveredstatements="40" conditionals="16" coveredconditionals="14" methods="6" coveredmethods="6" elements="64" coveredelements="60" complexity="0" loc="42" ncloc="42" packages="1" files="1" classes="1"/>
    <file name="GestionFichierMatrice.ts" path="/home/feistha12u/TypeScript/src/SAe202_jest/src/metier/dossierMatrice/GestionFichierMatrice.ts">
      <metrics statements="42" coveredstatements="40" conditionals="16" coveredconditionals="14" methods="6" coveredmethods="6"/>
      <line num="14" count="2" type="stmt"/>
      <line num="18" count="2" type="stmt"/>
      <line num="23" count="3" type="stmt"/>
      <line num="24" count="2" type="stmt"/>
      <line num="27" count="2" type="cond" truecount="1" falsecount="1"/>
      <line num="28" count="0" type="stmt"/>
      <line num="32" count="2" type="stmt"/>
      <line num="40" count="14" type="stmt"/>
      <line num="41" count="14" type="stmt"/>
      <line num="44" count="14" type="stmt"/>
      <line num="47" count="182" type="cond" truecount="2" falsecount="0"/>
      <line num="48" count="14" type="stmt"/>
      <line num="49" count="14" type="stmt"/>
      <line num="50" count="14" type="stmt"/>
      <line num="55" count="168" type="stmt"/>
      <line num="56" count="168" type="stmt"/>
      <line num="61" count="14" type="stmt"/>
      <line num="69" count="8" type="stmt"/>
      <line num="70" count="8" type="stmt"/>
      <line num="73" count="8" type="stmt"/>
      <line num="76" count="8" type="cond" truecount="2" falsecount="0"/>
      <line num="77" count="1" type="stmt"/>
      <line num="81" count="7" type="cond" truecount="2" falsecount="0"/>
      <line num="82" count="2" type="stmt"/>
      <line num="86" count="5" type="stmt"/>
      <line num="87" count="55" type="cond" truecount="1" falsecount="1"/>
      <line num="88" count="0" type="stmt"/>
      <line num="91" count="55" type="cond" truecount="2" falsecount="0"/>
      <line num="92" count="25" type="stmt"/>
      <line num="95" count="5" type="stmt"/>
      <line num="98" count="5" type="cond" truecount="2" falsecount="0"/>
      <line num="99" count="1" type="stmt"/>
      <line num="103" count="4" type="cond" truecount="2" falsecount="0"/>
      <line num="104" count="1" type="stmt"/>
      <line num="108" count="3" type="stmt"/>
      <line num="112" count="5" type="stmt"/>
      <line num="113" count="5" type="stmt"/>
      <line num="122" count="1" type="stmt"/>
      <line num="125" count="1" type="stmt"/>
      <line num="128" count="1" type="stmt"/>
      <line num="129" count="1" type="stmt"/>
      <line num="131" count="1" type="stmt"/>
    </file>
  </project>
</coverage>
