{"/home/feistha12u/TypeScript/src/SAe202_jest/src/metier/dossierMatrice/GestionFichierMatrice.ts": {"path":"/home/feistha12u/TypeScript/src/SAe202_jest/src/metier/dossierMatrice/GestionFichierMatrice.ts","statementMap":{"0":{"start":{"line":14,"column":8},"end":{"line":14,"column":31}},"1":{"start":{"line":18,"column":8},"end":{"line":18,"column":28}},"2":{"start":{"line":23,"column":38},"end":{"line":23,"column":82}},"3":{"start":{"line":24,"column":8},"end":{"line":24,"column":28}},"4":{"start":{"line":27,"column":8},"end":{"line":29,"column":9}},"5":{"start":{"line":28,"column":12},"end":{"line":28,"column":28}},"6":{"start":{"line":32,"column":8},"end":{"line":32,"column":23}},"7":{"start":{"line":40,"column":38},"end":{"line":40,"column":40}},"8":{"start":{"line":41,"column":48},"end":{"line":41,"column":50}},"9":{"start":{"line":44,"column":8},"end":{"line":58,"column":9}},"10":{"start":{"line":44,"column":24},"end":{"line":44,"column":25}},"11":{"start":{"line":47,"column":12},"end":{"line":57,"column":13}},"12":{"start":{"line":48,"column":16},"end":{"line":48,"column":51}},"13":{"start":{"line":49,"column":16},"end":{"line":49,"column":53}},"14":{"start":{"line":50,"column":16},"end":{"line":50,"column":50}},"15":{"start":{"line":55,"column":16},"end":{"line":55,"column":51}},"16":{"start":{"line":56,"column":16},"end":{"line":56,"column":66}},"17":{"start":{"line":61,"column":8},"end":{"line":61,"column":26}},"18":{"start":{"line":69,"column":45},"end":{"line":69,"column":74}},"19":{"start":{"line":70,"column":32},"end":{"line":70,"column":33}},"20":{"start":{"line":73,"column":8},"end":{"line":114,"column":9}},"21":{"start":{"line":76,"column":12},"end":{"line":83,"column":13}},"22":{"start":{"line":77,"column":16},"end":{"line":77,"column":147}},"23":{"start":{"line":81,"column":17},"end":{"line":83,"column":13}},"24":{"start":{"line":82,"column":16},"end":{"line":82,"column":147}},"25":{"start":{"line":86,"column":12},"end":{"line":94,"column":13}},"26":{"start":{"line":87,"column":16},"end":{"line":89,"column":17}},"27":{"start":{"line":88,"column":20},"end":{"line":88,"column":57}},"28":{"start":{"line":91,"column":16},"end":{"line":93,"column":17}},"29":{"start":{"line":92,"column":20},"end":{"line":92,"column":57}},"30":{"start":{"line":95,"column":12},"end":{"line":95,"column":26}},"31":{"start":{"line":98,"column":12},"end":{"line":105,"column":13}},"32":{"start":{"line":99,"column":16},"end":{"line":99,"column":142}},"33":{"start":{"line":103,"column":17},"end":{"line":105,"column":13}},"34":{"start":{"line":104,"column":16},"end":{"line":104,"column":142}},"35":{"start":{"line":108,"column":12},"end":{"line":108,"column":24}},"36":{"start":{"line":112,"column":12},"end":{"line":112,"column":31}},"37":{"start":{"line":113,"column":12},"end":{"line":113,"column":25}},"38":{"start":{"line":122,"column":37},"end":{"line":122,"column":59}},"39":{"start":{"line":125,"column":21},"end":{"line":125,"column":68}},"40":{"start":{"line":128,"column":8},"end":{"line":130,"column":9}},"41":{"start":{"line":128,"column":24},"end":{"line":128,"column":25}},"42":{"start":{"line":129,"column":12},"end":{"line":129,"column":43}},"43":{"start":{"line":131,"column":8},"end":{"line":131,"column":21}}},"fnMap":{"0":{"name":"(anonymous_0)","decl":{"start":{"line":13,"column":4},"end":{"line":13,"column":5}},"loc":{"start":{"line":13,"column":39},"end":{"line":15,"column":5}},"line":13},"1":{"name":"(anonymous_1)","decl":{"start":{"line":17,"column":4},"end":{"line":17,"column":5}},"loc":{"start":{"line":17,"column":36},"end":{"line":19,"column":5}},"line":17},"2":{"name":"(anonymous_2)","decl":{"start":{"line":22,"column":4},"end":{"line":22,"column":5}},"loc":{"start":{"line":22,"column":55},"end":{"line":33,"column":5}},"line":22},"3":{"name":"(anonymous_3)","decl":{"start":{"line":37,"column":4},"end":{"line":37,"column":5}},"loc":{"start":{"line":37,"column":51},"end":{"line":62,"column":5}},"line":37},"4":{"name":"(anonymous_4)","decl":{"start":{"line":66,"column":4},"end":{"line":66,"column":5}},"loc":{"start":{"line":66,"column":60},"end":{"line":115,"column":5}},"line":66},"5":{"name":"(anonymous_5)","decl":{"start":{"line":119,"column":4},"end":{"line":119,"column":5}},"loc":{"start":{"line":119,"column":76},"end":{"line":132,"column":5}},"line":119}},"branchMap":{"0":{"loc":{"start":{"line":27,"column":8},"end":{"line":29,"column":9}},"type":"if","locations":[{"start":{"line":27,"column":8},"end":{"line":29,"column":9}},{"start":{},"end":{}}],"line":27},"1":{"loc":{"start":{"line":47,"column":12},"end":{"line":57,"column":13}},"type":"if","locations":[{"start":{"line":47,"column":12},"end":{"line":57,"column":13}},{"start":{"line":54,"column":16},"end":{"line":57,"column":13}}],"line":47},"2":{"loc":{"start":{"line":76,"column":12},"end":{"line":83,"column":13}},"type":"if","locations":[{"start":{"line":76,"column":12},"end":{"line":83,"column":13}},{"start":{"line":81,"column":17},"end":{"line":83,"column":13}}],"line":76},"3":{"loc":{"start":{"line":81,"column":17},"end":{"line":83,"column":13}},"type":"if","locations":[{"start":{"line":81,"column":17},"end":{"line":83,"column":13}},{"start":{},"end":{}}],"line":81},"4":{"loc":{"start":{"line":87,"column":16},"end":{"line":89,"column":17}},"type":"if","locations":[{"start":{"line":87,"column":16},"end":{"line":89,"column":17}},{"start":{},"end":{}}],"line":87},"5":{"loc":{"start":{"line":91,"column":16},"end":{"line":93,"column":17}},"type":"if","locations":[{"start":{"line":91,"column":16},"end":{"line":93,"column":17}},{"start":{},"end":{}}],"line":91},"6":{"loc":{"start":{"line":98,"column":12},"end":{"line":105,"column":13}},"type":"if","locations":[{"start":{"line":98,"column":12},"end":{"line":105,"column":13}},{"start":{"line":103,"column":17},"end":{"line":105,"column":13}}],"line":98},"7":{"loc":{"start":{"line":103,"column":17},"end":{"line":105,"column":13}},"type":"if","locations":[{"start":{"line":103,"column":17},"end":{"line":105,"column":13}},{"start":{},"end":{}}],"line":103}},"s":{"0":2,"1":2,"2":3,"3":2,"4":2,"5":0,"6":2,"7":14,"8":14,"9":14,"10":14,"11":182,"12":14,"13":14,"14":14,"15":168,"16":168,"17":14,"18":8,"19":8,"20":8,"21":8,"22":1,"23":7,"24":2,"25":5,"26":55,"27":0,"28":55,"29":25,"30":5,"31":5,"32":1,"33":4,"34":1,"35":3,"36":5,"37":5,"38":1,"39":1,"40":1,"41":1,"42":1,"43":1},"f":{"0":2,"1":2,"2":3,"3":14,"4":8,"5":1},"b":{"0":[0,2],"1":[14,168],"2":[1,7],"3":[2,5],"4":[0,55],"5":[25,30],"6":[1,4],"7":[1,3]},"_coverageSchema":"1a1c01bbd47fc00a2c39e90264f33305004495a9","hash":"e2451e9e81e28a0a97be2133ffaf37ba4a2850e3"}
}
