TN:
SF:src/metier/dossierMatrice/GestionFichierMatrice.ts
FN:13,(anonymous_0)
FN:17,(anonymous_1)
FN:22,(anonymous_2)
FN:37,(anonymous_3)
FN:66,(anonymous_4)
FN:119,(anonymous_5)
FNF:6
FNH:6
FNDA:2,(anonymous_0)
FNDA:2,(anonymous_1)
FNDA:3,(anonymous_2)
FNDA:14,(anonymous_3)
FNDA:8,(anonymous_4)
FNDA:1,(anonymous_5)
DA:14,2
DA:18,2
DA:23,3
DA:24,2
DA:27,2
DA:28,0
DA:32,2
DA:40,14
DA:41,14
DA:44,14
DA:47,182
DA:48,14
DA:49,14
DA:50,14
DA:55,168
DA:56,168
DA:61,14
DA:69,8
DA:70,8
DA:73,8
DA:76,8
DA:77,1
DA:81,7
DA:82,2
DA:86,5
DA:87,55
DA:88,0
DA:91,55
DA:92,25
DA:95,5
DA:98,5
DA:99,1
DA:103,4
DA:104,1
DA:108,3
DA:112,5
DA:113,5
DA:122,1
DA:125,1
DA:128,1
DA:129,1
DA:131,1
LF:42
LH:40
BRDA:27,0,0,0
BRDA:27,0,1,2
BRDA:47,1,0,14
BRDA:47,1,1,168
BRDA:76,2,0,1
BRDA:76,2,1,7
BRDA:81,3,0,2
BRDA:81,3,1,5
BRDA:87,4,0,0
BRDA:87,4,1,55
BRDA:91,5,0,25
BRDA:91,5,1,30
BRDA:98,6,0,1
BRDA:98,6,1,4
BRDA:103,7,0,1
BRDA:103,7,1,3
BRF:16
BRH:14
end_of_record
