<?xml version="1.0" encoding="UTF-8"?>
<coverage generated="1655243592029" clover="3.2.0">
  <project timestamp="1655243592029" name="All files">
    <metrics statements="23" coveredstatements="23" conditionals="8" coveredconditionals="5" methods="9" coveredmethods="9" elements="40" coveredelements="37" complexity="0" loc="23" ncloc="23" packages="1" files="2" classes="2"/>
    <file name="Bordure.ts" path="C:\Users\Mash\Documents\sae202\classes\Bordure.ts">
      <metrics statements="3" coveredstatements="3" conditionals="0" coveredconditionals="0" methods="4" coveredmethods="4"/>
      <line num="7" count="1" type="stmt"/>
      <line num="11" count="1" type="stmt"/>
      <line num="15" count="2" type="stmt"/>
    </file>
    <file name="Sommet.ts" path="C:\Users\Mash\Documents\sae202\classes\Sommet.ts">
      <metrics statements="20" coveredstatements="20" conditionals="8" coveredconditionals="5" methods="5" coveredmethods="5"/>
      <line num="3" count="5" type="stmt"/>
      <line num="4" count="5" type="stmt"/>
      <line num="9" count="5" type="stmt"/>
      <line num="10" count="5" type="stmt"/>
      <line num="11" count="5" type="stmt"/>
      <line num="17" count="2" type="cond" truecount="1" falsecount="1"/>
      <line num="18" count="2" type="stmt"/>
      <line num="19" count="2" type="stmt"/>
      <line num="24" count="1" type="cond" truecount="1" falsecount="1"/>
      <line num="25" count="1" type="stmt"/>
      <line num="26" count="1" type="stmt"/>
      <line num="27" count="1" type="stmt"/>
      <line num="32" count="6" type="stmt"/>
      <line num="33" count="6" type="stmt"/>
      <line num="34" count="2" type="cond" truecount="1" falsecount="1"/>
      <line num="35" count="2" type="stmt"/>
      <line num="38" count="6" type="stmt"/>
      <line num="42" count="2" type="cond" truecount="2" falsecount="0"/>
      <line num="43" count="1" type="stmt"/>
      <line num="44" count="1" type="stmt"/>
    </file>
  </project>
</coverage>
