{"/home/fofana36u/sae202/classes/Bordure.ts": {"path":"/home/fofana36u/sae202/classes/Bordure.ts","statementMap":{"0":{"start":{"line":7,"column":4},"end":{"line":7,"column":22}},"1":{"start":{"line":11,"column":4},"end":{"line":11,"column":37}},"2":{"start":{"line":15,"column":4},"end":{"line":15,"column":59}},"3":{"start":{"line":15,"column":32},"end":{"line":15,"column":57}}},"fnMap":{"0":{"name":"(anonymous_0)","decl":{"start":{"line":6,"column":2},"end":{"line":6,"column":3}},"loc":{"start":{"line":6,"column":16},"end":{"line":8,"column":3}},"line":6},"1":{"name":"(anonymous_1)","decl":{"start":{"line":10,"column":2},"end":{"line":10,"column":3}},"loc":{"start":{"line":10,"column":21},"end":{"line":12,"column":3}},"line":10},"2":{"name":"(anonymous_2)","decl":{"start":{"line":14,"column":2},"end":{"line":14,"column":3}},"loc":{"start":{"line":14,"column":17},"end":{"line":16,"column":3}},"line":14},"3":{"name":"(anonymous_3)","decl":{"start":{"line":15,"column":22},"end":{"line":15,"column":23}},"loc":{"start":{"line":15,"column":32},"end":{"line":15,"column":57}},"line":15}},"branchMap":{},"s":{"0":2,"1":9,"2":8,"3":12},"f":{"0":2,"1":9,"2":8,"3":12},"b":{},"_coverageSchema":"1a1c01bbd47fc00a2c39e90264f33305004495a9","hash":"52d64c4576aa2bdd9bb6ae8e3191a023b2446362"}
,"/home/fofana36u/sae202/classes/GrapheListeAdjacence.ts": {"path":"/home/fofana36u/sae202/classes/GrapheListeAdjacence.ts","statementMap":{"0":{"start":{"line":8,"column":27},"end":{"line":8,"column":29}},"1":{"start":{"line":12,"column":4},"end":{"line":12,"column":35}},"2":{"start":{"line":13,"column":4},"end":{"line":13,"column":33}},"3":{"start":{"line":14,"column":4},"end":{"line":14,"column":30}},"4":{"start":{"line":18,"column":4},"end":{"line":20,"column":5}},"5":{"start":{"line":18,"column":17},"end":{"line":18,"column":18}},"6":{"start":{"line":19,"column":6},"end":{"line":19,"column":50}},"7":{"start":{"line":22,"column":25},"end":{"line":22,"column":45}},"8":{"start":{"line":24,"column":21},"end":{"line":26,"column":5}},"9":{"start":{"line":28,"column":4},"end":{"line":36,"column":5}},"10":{"start":{"line":28,"column":17},"end":{"line":28,"column":18}},"11":{"start":{"line":29,"column":27},"end":{"line":29,"column":75}},"12":{"start":{"line":29,"column":52},"end":{"line":29,"column":74}},"13":{"start":{"line":30,"column":25},"end":{"line":30,"column":76}},"14":{"start":{"line":30,"column":52},"end":{"line":30,"column":75}},"15":{"start":{"line":32,"column":6},"end":{"line":35,"column":7}},"16":{"start":{"line":33,"column":27},"end":{"line":33,"column":69}},"17":{"start":{"line":33,"column":52},"end":{"line":33,"column":68}},"18":{"start":{"line":34,"column":8},"end":{"line":34,"column":62}},"19":{"start":{"line":40,"column":4},"end":{"line":44,"column":6}},"20":{"start":{"line":45,"column":4},"end":{"line":45,"column":43}},"21":{"start":{"line":50,"column":25},"end":{"line":50,"column":43}},"22":{"start":{"line":53,"column":4},"end":{"line":56,"column":5}},"23":{"start":{"line":54,"column":6},"end":{"line":54,"column":40}},"24":{"start":{"line":55,"column":6},"end":{"line":55,"column":40}},"25":{"start":{"line":58,"column":4},"end":{"line":58,"column":43}},"26":{"start":{"line":62,"column":17},"end":{"line":62,"column":18}},"27":{"start":{"line":63,"column":4},"end":{"line":65,"column":5}},"28":{"start":{"line":64,"column":6},"end":{"line":64,"column":40}},"29":{"start":{"line":66,"column":4},"end":{"line":66,"column":18}},"30":{"start":{"line":70,"column":4},"end":{"line":70,"column":34}},"31":{"start":{"line":74,"column":39},"end":{"line":74,"column":41}},"32":{"start":{"line":76,"column":4},"end":{"line":83,"column":5}},"33":{"start":{"line":77,"column":30},"end":{"line":79,"column":7}},"34":{"start":{"line":78,"column":20},"end":{"line":78,"column":51}},"35":{"start":{"line":80,"column":6},"end":{"line":82,"column":7}},"36":{"start":{"line":81,"column":8},"end":{"line":81,"column":46}},"37":{"start":{"line":85,"column":4},"end":{"line":85,"column":30}},"38":{"start":{"line":89,"column":4},"end":{"line":94,"column":6}},"39":{"start":{"line":98,"column":38},"end":{"line":98,"column":40}},"40":{"start":{"line":99,"column":24},"end":{"line":99,"column":26}},"41":{"start":{"line":103,"column":4},"end":{"line":103,"column":47}},"42":{"start":{"line":104,"column":4},"end":{"line":104,"column":72}},"43":{"start":{"line":106,"column":4},"end":{"line":110,"column":5}},"44":{"start":{"line":107,"column":6},"end":{"line":109,"column":7}},"45":{"start":{"line":108,"column":8},"end":{"line":108,"column":67}},"46":{"start":{"line":112,"column":4},"end":{"line":115,"column":5}},"47":{"start":{"line":113,"column":6},"end":{"line":113,"column":37}},"48":{"start":{"line":114,"column":6},"end":{"line":114,"column":28}},"49":{"start":{"line":118,"column":27},"end":{"line":118,"column":47}},"50":{"start":{"line":119,"column":4},"end":{"line":119,"column":56}},"51":{"start":{"line":120,"column":4},"end":{"line":120,"column":53}},"52":{"start":{"line":129,"column":4},"end":{"line":129,"column":31}},"53":{"start":{"line":130,"column":4},"end":{"line":130,"column":29}},"54":{"start":{"line":131,"column":4},"end":{"line":131,"column":44}},"55":{"start":{"line":133,"column":4},"end":{"line":176,"column":5}},"56":{"start":{"line":136,"column":6},"end":{"line":136,"column":34}},"57":{"start":{"line":137,"column":39},"end":{"line":137,"column":68}},"58":{"start":{"line":141,"column":26},"end":{"line":141,"column":71}},"59":{"start":{"line":143,"column":6},"end":{"line":173,"column":7}},"60":{"start":{"line":145,"column":8},"end":{"line":157,"column":9}},"61":{"start":{"line":146,"column":24},"end":{"line":146,"column":110}},"62":{"start":{"line":147,"column":10},"end":{"line":156,"column":11}},"63":{"start":{"line":148,"column":12},"end":{"line":148,"column":42}},"64":{"start":{"line":149,"column":12},"end":{"line":149,"column":56}},"65":{"start":{"line":153,"column":12},"end":{"line":155,"column":13}},"66":{"start":{"line":154,"column":14},"end":{"line":154,"column":53}},"67":{"start":{"line":160,"column":8},"end":{"line":172,"column":9}},"68":{"start":{"line":161,"column":24},"end":{"line":161,"column":110}},"69":{"start":{"line":162,"column":10},"end":{"line":171,"column":11}},"70":{"start":{"line":163,"column":12},"end":{"line":163,"column":42}},"71":{"start":{"line":164,"column":12},"end":{"line":164,"column":56}},"72":{"start":{"line":168,"column":12},"end":{"line":170,"column":13}},"73":{"start":{"line":169,"column":14},"end":{"line":169,"column":53}},"74":{"start":{"line":179,"column":24},"end":{"line":179,"column":26}},"75":{"start":{"line":180,"column":4},"end":{"line":180,"column":76}},"76":{"start":{"line":182,"column":4},"end":{"line":185,"column":5}},"77":{"start":{"line":183,"column":6},"end":{"line":183,"column":137}},"78":{"start":{"line":184,"column":6},"end":{"line":184,"column":107}},"79":{"start":{"line":189,"column":27},"end":{"line":189,"column":47}},"80":{"start":{"line":190,"column":4},"end":{"line":190,"column":60}},"81":{"start":{"line":191,"column":4},"end":{"line":191,"column":57}}},"fnMap":{"0":{"name":"(anonymous_0)","decl":{"start":{"line":11,"column":2},"end":{"line":11,"column":3}},"loc":{"start":{"line":11,"column":35},"end":{"line":15,"column":3}},"line":11},"1":{"name":"(anonymous_1)","decl":{"start":{"line":17,"column":2},"end":{"line":17,"column":3}},"loc":{"start":{"line":17,"column":37},"end":{"line":37,"column":3}},"line":17},"2":{"name":"(anonymous_2)","decl":{"start":{"line":29,"column":45},"end":{"line":29,"column":46}},"loc":{"start":{"line":29,"column":52},"end":{"line":29,"column":74}},"line":29},"3":{"name":"(anonymous_3)","decl":{"start":{"line":30,"column":43},"end":{"line":30,"column":44}},"loc":{"start":{"line":30,"column":52},"end":{"line":30,"column":75}},"line":30},"4":{"name":"(anonymous_4)","decl":{"start":{"line":33,"column":45},"end":{"line":33,"column":46}},"loc":{"start":{"line":33,"column":52},"end":{"line":33,"column":68}},"line":33},"5":{"name":"(anonymous_5)","decl":{"start":{"line":39,"column":2},"end":{"line":39,"column":3}},"loc":{"start":{"line":39,"column":18},"end":{"line":46,"column":3}},"line":39},"6":{"name":"(anonymous_6)","decl":{"start":{"line":48,"column":2},"end":{"line":48,"column":3}},"loc":{"start":{"line":48,"column":18},"end":{"line":59,"column":3}},"line":48},"7":{"name":"(anonymous_7)","decl":{"start":{"line":61,"column":2},"end":{"line":61,"column":3}},"loc":{"start":{"line":61,"column":16},"end":{"line":67,"column":3}},"line":61},"8":{"name":"(anonymous_8)","decl":{"start":{"line":69,"column":2},"end":{"line":69,"column":3}},"loc":{"start":{"line":69,"column":39},"end":{"line":71,"column":3}},"line":69},"9":{"name":"(anonymous_9)","decl":{"start":{"line":73,"column":2},"end":{"line":73,"column":3}},"loc":{"start":{"line":73,"column":41},"end":{"line":86,"column":3}},"line":73},"10":{"name":"(anonymous_10)","decl":{"start":{"line":78,"column":8},"end":{"line":78,"column":9}},"loc":{"start":{"line":78,"column":20},"end":{"line":78,"column":51}},"line":78},"11":{"name":"(anonymous_11)","decl":{"start":{"line":88,"column":2},"end":{"line":88,"column":3}},"loc":{"start":{"line":88,"column":35},"end":{"line":95,"column":3}},"line":88},"12":{"name":"(anonymous_12)","decl":{"start":{"line":97,"column":2},"end":{"line":97,"column":3}},"loc":{"start":{"line":97,"column":22},"end":{"line":121,"column":3}},"line":97},"13":{"name":"(anonymous_13)","decl":{"start":{"line":125,"column":2},"end":{"line":125,"column":3}},"loc":{"start":{"line":125,"column":71},"end":{"line":192,"column":3}},"line":125}},"branchMap":{"0":{"loc":{"start":{"line":80,"column":6},"end":{"line":82,"column":7}},"type":"if","locations":[{"start":{"line":80,"column":6},"end":{"line":82,"column":7}},{"start":{},"end":{}}],"line":80},"1":{"loc":{"start":{"line":125,"column":48},"end":{"line":125,"column":69}},"type":"default-arg","locations":[{"start":{"line":125,"column":68},"end":{"line":125,"column":69}}],"line":125},"2":{"loc":{"start":{"line":143,"column":6},"end":{"line":173,"column":7}},"type":"if","locations":[{"start":{"line":143,"column":6},"end":{"line":173,"column":7}},{"start":{"line":159,"column":13},"end":{"line":173,"column":7}}],"line":143},"3":{"loc":{"start":{"line":147,"column":10},"end":{"line":156,"column":11}},"type":"if","locations":[{"start":{"line":147,"column":10},"end":{"line":156,"column":11}},{"start":{},"end":{}}],"line":147},"4":{"loc":{"start":{"line":153,"column":12},"end":{"line":155,"column":13}},"type":"if","locations":[{"start":{"line":153,"column":12},"end":{"line":155,"column":13}},{"start":{},"end":{}}],"line":153},"5":{"loc":{"start":{"line":162,"column":10},"end":{"line":171,"column":11}},"type":"if","locations":[{"start":{"line":162,"column":10},"end":{"line":171,"column":11}},{"start":{},"end":{}}],"line":162},"6":{"loc":{"start":{"line":168,"column":12},"end":{"line":170,"column":13}},"type":"if","locations":[{"start":{"line":168,"column":12},"end":{"line":170,"column":13}},{"start":{},"end":{}}],"line":168},"7":{"loc":{"start":{"line":183,"column":28},"end":{"line":183,"column":66}},"type":"cond-expr","locations":[{"start":{"line":183,"column":42},"end":{"line":183,"column":57}},{"start":{"line":183,"column":60},"end":{"line":183,"column":66}}],"line":183},"8":{"loc":{"start":{"line":183,"column":84},"end":{"line":183,"column":133}},"type":"cond-expr","locations":[{"start":{"line":183,"column":98},"end":{"line":183,"column":129}},{"start":{"line":183,"column":132},"end":{"line":183,"column":133}}],"line":183},"9":{"loc":{"start":{"line":184,"column":65},"end":{"line":184,"column":103}},"type":"cond-expr","locations":[{"start":{"line":184,"column":79},"end":{"line":184,"column":94}},{"start":{"line":184,"column":97},"end":{"line":184,"column":103}}],"line":184}},"s":{"0":1,"1":1,"2":1,"3":1,"4":1,"5":1,"6":7,"7":1,"8":1,"9":1,"10":1,"11":7,"12":28,"13":7,"14":77,"15":7,"16":11,"17":55,"18":11,"19":1,"20":1,"21":1,"22":1,"23":7,"24":7,"25":1,"26":2,"27":2,"28":14,"29":2,"30":9,"31":2,"32":2,"33":14,"34":20,"35":14,"36":3,"37":2,"38":1,"39":1,"40":1,"41":1,"42":1,"43":1,"44":7,"45":11,"46":1,"47":11,"48":11,"49":1,"50":1,"51":1,"52":1,"53":1,"54":1,"55":1,"56":7,"57":7,"58":7,"59":7,"60":0,"61":0,"62":0,"63":0,"64":0,"65":0,"66":0,"67":7,"68":11,"69":11,"70":8,"71":8,"72":8,"73":6,"74":1,"75":1,"76":1,"77":7,"78":7,"79":1,"80":1,"81":1},"f":{"0":1,"1":1,"2":28,"3":77,"4":55,"5":1,"6":1,"7":2,"8":9,"9":2,"10":20,"11":1,"12":1,"13":1},"b":{"0":[3,11],"1":[1],"2":[0,7],"3":[0,0],"4":[0,0],"5":[8,3],"6":[6,2],"7":[6,1],"8":[6,1],"9":[6,1]},"_coverageSchema":"1a1c01bbd47fc00a2c39e90264f33305004495a9","hash":"4e2bdc285cf051cd68880344a9322c2efe571dba"}
,"/home/fofana36u/sae202/classes/Sommet.ts": {"path":"/home/fofana36u/sae202/classes/Sommet.ts","statementMap":{"0":{"start":{"line":3,"column":29},"end":{"line":3,"column":31}},"1":{"start":{"line":4,"column":40},"end":{"line":4,"column":42}},"2":{"start":{"line":9,"column":4},"end":{"line":9,"column":19}},"3":{"start":{"line":10,"column":4},"end":{"line":10,"column":46}},"4":{"start":{"line":11,"column":4},"end":{"line":11,"column":21}},"5":{"start":{"line":17,"column":4},"end":{"line":20,"column":5}},"6":{"start":{"line":18,"column":6},"end":{"line":18,"column":34}},"7":{"start":{"line":19,"column":6},"end":{"line":19,"column":40}},"8":{"start":{"line":24,"column":4},"end":{"line":28,"column":5}},"9":{"start":{"line":25,"column":24},"end":{"line":25,"column":58}},"10":{"start":{"line":26,"column":6},"end":{"line":26,"column":44}},"11":{"start":{"line":27,"column":6},"end":{"line":27,"column":43}},"12":{"start":{"line":32,"column":17},"end":{"line":32,"column":22}},"13":{"start":{"line":33,"column":4},"end":{"line":37,"column":5}},"14":{"start":{"line":34,"column":6},"end":{"line":36,"column":7}},"15":{"start":{"line":35,"column":8},"end":{"line":35,"column":22}},"16":{"start":{"line":38,"column":4},"end":{"line":38,"column":18}},"17":{"start":{"line":42,"column":4},"end":{"line":44,"column":20}},"18":{"start":{"line":43,"column":6},"end":{"line":43,"column":43}},"19":{"start":{"line":44,"column":11},"end":{"line":44,"column":20}}},"fnMap":{"0":{"name":"(anonymous_0)","decl":{"start":{"line":8,"column":2},"end":{"line":8,"column":3}},"loc":{"start":{"line":8,"column":27},"end":{"line":12,"column":3}},"line":8},"1":{"name":"(anonymous_1)","decl":{"start":{"line":16,"column":2},"end":{"line":16,"column":3}},"loc":{"start":{"line":16,"column":44},"end":{"line":21,"column":3}},"line":16},"2":{"name":"(anonymous_2)","decl":{"start":{"line":23,"column":2},"end":{"line":23,"column":3}},"loc":{"start":{"line":23,"column":33},"end":{"line":29,"column":3}},"line":23},"3":{"name":"(anonymous_3)","decl":{"start":{"line":31,"column":2},"end":{"line":31,"column":3}},"loc":{"start":{"line":31,"column":32},"end":{"line":39,"column":3}},"line":31},"4":{"name":"(anonymous_4)","decl":{"start":{"line":41,"column":2},"end":{"line":41,"column":3}},"loc":{"start":{"line":41,"column":34},"end":{"line":45,"column":3}},"line":41}},"branchMap":{"0":{"loc":{"start":{"line":17,"column":4},"end":{"line":20,"column":5}},"type":"if","locations":[{"start":{"line":17,"column":4},"end":{"line":20,"column":5}},{"start":{},"end":{}}],"line":17},"1":{"loc":{"start":{"line":24,"column":4},"end":{"line":28,"column":5}},"type":"if","locations":[{"start":{"line":24,"column":4},"end":{"line":28,"column":5}},{"start":{},"end":{}}],"line":24},"2":{"loc":{"start":{"line":34,"column":6},"end":{"line":36,"column":7}},"type":"if","locations":[{"start":{"line":34,"column":6},"end":{"line":36,"column":7}},{"start":{},"end":{}}],"line":34},"3":{"loc":{"start":{"line":42,"column":4},"end":{"line":44,"column":20}},"type":"if","locations":[{"start":{"line":42,"column":4},"end":{"line":44,"column":20}},{"start":{"line":44,"column":11},"end":{"line":44,"column":20}}],"line":42}},"s":{"0":14,"1":14,"2":14,"3":14,"4":14,"5":13,"6":13,"7":13,"8":15,"9":1,"10":1,"11":1,"12":59,"13":59,"14":85,"15":30,"16":59,"17":30,"18":29,"19":1},"f":{"0":14,"1":13,"2":15,"3":59,"4":30},"b":{"0":[13,0],"1":[1,14],"2":[30,55],"3":[29,1]},"_coverageSchema":"1a1c01bbd47fc00a2c39e90264f33305004495a9","hash":"ae1920235c9900c781ff743233070bc790a54d7d"}
,"/home/fofana36u/sae202/classes/gestionFichier.ts": {"path":"/home/fofana36u/sae202/classes/gestionFichier.ts","statementMap":{"0":{"start":{"line":5,"column":23},"end":{"line":5,"column":24}},"1":{"start":{"line":6,"column":20},"end":{"line":6,"column":21}},"2":{"start":{"line":9,"column":4},"end":{"line":9,"column":52}},"3":{"start":{"line":14,"column":4},"end":{"line":14,"column":56}},"4":{"start":{"line":19,"column":33},"end":{"line":19,"column":35}},"5":{"start":{"line":20,"column":43},"end":{"line":20,"column":45}},"6":{"start":{"line":21,"column":4},"end":{"line":32,"column":5}},"7":{"start":{"line":21,"column":20},"end":{"line":21,"column":21}},"8":{"start":{"line":22,"column":6},"end":{"line":31,"column":7}},"9":{"start":{"line":24,"column":8},"end":{"line":24,"column":43}},"10":{"start":{"line":25,"column":8},"end":{"line":25,"column":45}},"11":{"start":{"line":26,"column":8},"end":{"line":26,"column":42}},"12":{"start":{"line":29,"column":8},"end":{"line":29,"column":43}},"13":{"start":{"line":30,"column":8},"end":{"line":30,"column":59}},"14":{"start":{"line":34,"column":4},"end":{"line":34,"column":22}}},"fnMap":{"0":{"name":"(anonymous_0)","decl":{"start":{"line":8,"column":2},"end":{"line":8,"column":3}},"loc":{"start":{"line":8,"column":41},"end":{"line":10,"column":3}},"line":8},"1":{"name":"(anonymous_1)","decl":{"start":{"line":13,"column":2},"end":{"line":13,"column":3}},"loc":{"start":{"line":13,"column":45},"end":{"line":15,"column":3}},"line":13},"2":{"name":"(anonymous_2)","decl":{"start":{"line":18,"column":2},"end":{"line":18,"column":3}},"loc":{"start":{"line":18,"column":42},"end":{"line":35,"column":3}},"line":18}},"branchMap":{"0":{"loc":{"start":{"line":22,"column":6},"end":{"line":31,"column":7}},"type":"if","locations":[{"start":{"line":22,"column":6},"end":{"line":31,"column":7}},{"start":{"line":27,"column":13},"end":{"line":31,"column":7}}],"line":22}},"s":{"0":4,"1":4,"2":3,"3":2,"4":2,"5":2,"6":2,"7":2,"8":14,"9":2,"10":2,"11":2,"12":12,"13":12,"14":2},"f":{"0":3,"1":2,"2":2},"b":{"0":[2,12]},"_coverageSchema":"1a1c01bbd47fc00a2c39e90264f33305004495a9","hash":"00de302f53d9b3d1e9aa25070e6bd8523efa5d23"}
}
