TN:
SF:classes/Bordure.ts
FN:6,(anonymous_0)
FN:10,(anonymous_1)
FN:14,(anonymous_2)
FN:15,(anonymous_3)
FNF:4
FNH:4
FNDA:2,(anonymous_0)
FNDA:9,(anonymous_1)
FNDA:8,(anonymous_2)
FNDA:12,(anonymous_3)
DA:7,2
DA:11,9
DA:15,12
LF:3
LH:3
BRF:0
BRH:0
end_of_record
TN:
SF:classes/GrapheListeAdjacence.ts
FN:11,(anonymous_0)
FN:17,(anonymous_1)
FN:29,(anonymous_2)
FN:30,(anonymous_3)
FN:33,(anonymous_4)
FN:39,(anonymous_5)
FN:48,(anonymous_6)
FN:61,(anonymous_7)
FN:69,(anonymous_8)
FN:73,(anonymous_9)
FN:78,(anonymous_10)
FN:88,(anonymous_11)
FN:97,(anonymous_12)
FN:125,(anonymous_13)
FNF:14
FNH:14
FNDA:1,(anonymous_0)
FNDA:1,(anonymous_1)
FNDA:28,(anonymous_2)
FNDA:77,(anonymous_3)
FNDA:55,(anonymous_4)
FNDA:1,(anonymous_5)
FNDA:1,(anonymous_6)
FNDA:2,(anonymous_7)
FNDA:9,(anonymous_8)
FNDA:2,(anonymous_9)
FNDA:20,(anonymous_10)
FNDA:1,(anonymous_11)
FNDA:1,(anonymous_12)
FNDA:1,(anonymous_13)
DA:8,1
DA:12,1
DA:13,1
DA:14,1
DA:18,1
DA:19,7
DA:22,1
DA:24,1
DA:28,1
DA:29,28
DA:30,77
DA:32,7
DA:33,55
DA:34,11
DA:40,1
DA:45,1
DA:50,1
DA:53,1
DA:54,7
DA:55,7
DA:58,1
DA:62,2
DA:63,2
DA:64,14
DA:66,2
DA:70,9
DA:74,2
DA:76,2
DA:77,14
DA:78,20
DA:80,14
DA:81,3
DA:85,2
DA:89,1
DA:98,1
DA:99,1
DA:103,1
DA:104,1
DA:106,1
DA:107,7
DA:108,11
DA:112,1
DA:113,11
DA:114,11
DA:118,1
DA:119,1
DA:120,1
DA:129,1
DA:130,1
DA:131,1
DA:133,1
DA:136,7
DA:137,7
DA:141,7
DA:143,7
DA:145,0
DA:146,0
DA:147,0
DA:148,0
DA:149,0
DA:153,0
DA:154,0
DA:160,7
DA:161,11
DA:162,11
DA:163,8
DA:164,8
DA:168,8
DA:169,6
DA:179,1
DA:180,1
DA:182,1
DA:183,7
DA:184,7
DA:189,1
DA:190,1
DA:191,1
LF:77
LH:70
BRDA:80,0,0,3
BRDA:80,0,1,11
BRDA:125,1,0,1
BRDA:143,2,0,0
BRDA:143,2,1,7
BRDA:147,3,0,0
BRDA:147,3,1,0
BRDA:153,4,0,0
BRDA:153,4,1,0
BRDA:162,5,0,8
BRDA:162,5,1,3
BRDA:168,6,0,6
BRDA:168,6,1,2
BRDA:183,7,0,6
BRDA:183,7,1,1
BRDA:183,8,0,6
BRDA:183,8,1,1
BRDA:184,9,0,6
BRDA:184,9,1,1
BRF:19
BRH:14
end_of_record
TN:
SF:classes/Sommet.ts
FN:8,(anonymous_0)
FN:16,(anonymous_1)
FN:23,(anonymous_2)
FN:31,(anonymous_3)
FN:41,(anonymous_4)
FNF:5
FNH:5
FNDA:14,(anonymous_0)
FNDA:13,(anonymous_1)
FNDA:15,(anonymous_2)
FNDA:59,(anonymous_3)
FNDA:30,(anonymous_4)
DA:3,14
DA:4,14
DA:9,14
DA:10,14
DA:11,14
DA:17,13
DA:18,13
DA:19,13
DA:24,15
DA:25,1
DA:26,1
DA:27,1
DA:32,59
DA:33,59
DA:34,85
DA:35,30
DA:38,59
DA:42,30
DA:43,29
DA:44,1
LF:20
LH:20
BRDA:17,0,0,13
BRDA:17,0,1,0
BRDA:24,1,0,1
BRDA:24,1,1,14
BRDA:34,2,0,30
BRDA:34,2,1,55
BRDA:42,3,0,29
BRDA:42,3,1,1
BRF:8
BRH:7
end_of_record
TN:
SF:classes/gestionFichier.ts
FN:8,(anonymous_0)
FN:13,(anonymous_1)
FN:18,(anonymous_2)
FNF:3
FNH:3
FNDA:3,(anonymous_0)
FNDA:2,(anonymous_1)
FNDA:2,(anonymous_2)
DA:5,4
DA:6,4
DA:9,3
DA:14,2
DA:19,2
DA:20,2
DA:21,2
DA:22,14
DA:24,2
DA:25,2
DA:26,2
DA:29,12
DA:30,12
DA:34,2
LF:14
LH:14
BRDA:22,0,0,2
BRDA:22,0,1,12
BRF:2
BRH:2
end_of_record
