TN:
SF:classes\Bordure.ts
FN:6,(anonymous_0)
FN:10,(anonymous_1)
FN:14,(anonymous_2)
FN:15,(anonymous_3)
FNF:4
FNH:4
FNDA:1,(anonymous_0)
FNDA:1,(anonymous_1)
FNDA:1,(anonymous_2)
FNDA:2,(anonymous_3)
DA:7,1
DA:11,1
DA:15,2
LF:3
LH:3
BRF:0
BRH:0
end_of_record
TN:
SF:classes\Sommet.ts
FN:8,(anonymous_0)
FN:16,(anonymous_1)
FN:23,(anonymous_2)
FN:31,(anonymous_3)
FN:41,(anonymous_4)
FNF:5
FNH:5
FNDA:5,(anonymous_0)
FNDA:2,(anonymous_1)
FNDA:1,(anonymous_2)
FNDA:6,(anonymous_3)
FNDA:2,(anonymous_4)
DA:3,5
DA:4,5
DA:9,5
DA:10,5
DA:11,5
DA:17,2
DA:18,2
DA:19,2
DA:24,1
DA:25,1
DA:26,1
DA:27,1
DA:32,6
DA:33,6
DA:34,2
DA:35,2
DA:38,6
DA:42,2
DA:43,1
DA:44,1
LF:20
LH:20
BRDA:17,0,0,2
BRDA:17,0,1,0
BRDA:24,1,0,1
BRDA:24,1,1,0
BRDA:34,2,0,2
BRDA:34,2,1,0
BRDA:42,3,0,1
BRDA:42,3,1,1
BRF:8
BRH:5
end_of_record
